#
# There is insufficient memory for the Java Runtime Environment to continue.
# Native memory allocation (malloc) failed to allocate 1410416 bytes for Chunk::new
# Possible reasons:
#   The system is out of physical RAM or swap space
#   The process is running with CompressedOops enabled, and the Java Heap may be blocking the growth of the native heap
# Possible solutions:
#   Reduce memory load on the system
#   Increase physical memory or swap space
#   Check if swap backing store is full
#   Decrease Java heap size (-Xmx/-Xms)
#   Decrease number of Java threads
#   Decrease Java thread stack sizes (-Xss)
#   Set larger code cache with -XX:ReservedCodeCacheSize=
#   JVM is running with Unscaled Compressed Oops mode in which the Java heap is
#     placed in the first 4GB address space. The Java Heap base address is the
#     maximum limit for the native heap growth. Please use -XX:HeapBaseMinAddress
#     to set the Java Heap base and to place the Java Heap above 4GB virtual address.
# This output file may be truncated or incomplete.
#
#  Out of Memory Error (allocation.cpp:389), pid=4604, tid=0x0000000000003f08
#
# JRE version: OpenJDK Runtime Environment (8.0_242-b01) (build 1.8.0_242-release-1644-b01)
# Java VM: OpenJDK 64-Bit Server VM (25.242-b01 mixed mode windows-amd64 compressed oops)
# Failed to write core dump. Minidumps are not enabled by default on client versions of Windows
#

---------------  T H R E A D  ---------------

Current thread (0x0000000017be9000):  JavaThread "C2 CompilerThread0" daemon [_thread_in_native, id=16136, stack(0x0000000019280000,0x0000000019380000)]

Stack: [0x0000000019280000,0x0000000019380000]
[error occurred during error reporting (printing stack bounds), id 0xc0000005]

Native frames: (J=compiled Java code, j=interpreted, Vv=VM code, C=native code)


Current CompileTask:
C2:2544286 25275 % !   4       com.android.tools.r8.dex.r::c @ 2071 (2729 bytes)


---------------  P R O C E S S  ---------------

Java Threads: ( => current thread )
  0x0000000020e56000 JavaThread "ForkJoinPool-3-worker-0" daemon [_thread_blocked, id=11728, stack(0x0000000028e60000,0x0000000028f60000)]
  0x0000000020e55000 JavaThread "ForkJoinPool-3-worker-2" daemon [_thread_blocked, id=2708, stack(0x0000000028c60000,0x0000000028d60000)]
  0x0000000020e5c000 JavaThread "ForkJoinPool-3-worker-1" daemon [_thread_blocked, id=11464, stack(0x0000000028b60000,0x0000000028c60000)]
  0x0000000020e59000 JavaThread "Exec process Thread 9" daemon [_thread_blocked, id=14156, stack(0x0000000028a60000,0x0000000028b60000)]
  0x0000000020e59800 JavaThread "Exec process Thread 8" daemon [_thread_blocked, id=13088, stack(0x0000000028960000,0x0000000028a60000)]
  0x0000000020e5a800 JavaThread "Exec process Thread 7" daemon [_thread_blocked, id=7936, stack(0x0000000028860000,0x0000000028960000)]
  0x0000000020e57800 JavaThread "Exec process Thread 6" daemon [_thread_blocked, id=15092, stack(0x0000000028760000,0x0000000028860000)]
  0x0000000020e56800 JavaThread "Exec process Thread 5" daemon [_thread_blocked, id=9168, stack(0x0000000028660000,0x0000000028760000)]
  0x0000000020e5b800 JavaThread "Exec process Thread 4" daemon [_thread_blocked, id=15068, stack(0x00000000266f0000,0x00000000267f0000)]
  0x0000000020e54800 JavaThread "Exec process Thread 3" daemon [_thread_blocked, id=13308, stack(0x0000000028300000,0x0000000028400000)]
  0x0000000020e58000 JavaThread "Exec process Thread 2" daemon [_thread_blocked, id=13504, stack(0x0000000028200000,0x0000000028300000)]
  0x0000000020e4d000 JavaThread "Exec process" daemon [_thread_blocked, id=2340, stack(0x0000000027c50000,0x0000000027d50000)]
  0x0000000020e53800 JavaThread "ForkJoinPool.commonPool-worker-3" daemon [_thread_blocked, id=9728, stack(0x0000000023430000,0x0000000023530000)]
  0x0000000020e4f000 JavaThread "RMI TCP Connection(idle)" daemon [_thread_blocked, id=12180, stack(0x0000000022540000,0x0000000022640000)]
  0x0000000020e4a800 JavaThread "RMI Reaper" [_thread_blocked, id=14996, stack(0x0000000022440000,0x0000000022540000)]
  0x0000000020e43000 JavaThread "RMI TCP Accept-0" daemon [_thread_in_native, id=9808, stack(0x0000000022340000,0x0000000022440000)]
  0x0000000020e4a000 JavaThread "GC Daemon" daemon [_thread_blocked, id=15516, stack(0x0000000022240000,0x0000000022340000)]
  0x0000000020e47800 JavaThread "RMI Scheduler(0)" daemon [_thread_blocked, id=7952, stack(0x000000001d2d0000,0x000000001d3d0000)]
  0x0000000020e45800 JavaThread "stdout" [_thread_in_native, id=13132, stack(0x0000000031430000,0x0000000031530000)]
  0x0000000020e44000 JavaThread "stderr" [_thread_in_native, id=15220, stack(0x0000000031330000,0x0000000031430000)]
  0x000000001fd42800 JavaThread "stdout" [_thread_in_native, id=5064, stack(0x0000000031230000,0x0000000031330000)]
  0x0000000020e79000 JavaThread "stderr" [_thread_in_native, id=12868, stack(0x0000000031130000,0x0000000031230000)]
  0x0000000020e77800 JavaThread "stdout" [_thread_in_native, id=16148, stack(0x0000000031030000,0x0000000031130000)]
  0x0000000020e76000 JavaThread "stderr" [_thread_in_native, id=13328, stack(0x0000000030f30000,0x0000000031030000)]
  0x0000000020e74800 JavaThread "stdout" [_thread_in_native, id=11596, stack(0x0000000030e30000,0x0000000030f30000)]
  0x0000000020e76800 JavaThread "stderr" [_thread_in_native, id=5932, stack(0x0000000030d30000,0x0000000030e30000)]
  0x0000000020e73800 JavaThread "pool-5-thread-1" [_thread_blocked, id=16176, stack(0x0000000030a60000,0x0000000030b60000)]
  0x0000000020e75000 JavaThread "WorkerExecutor Queue Thread 4" [_thread_blocked, id=9904, stack(0x00000000307f0000,0x00000000308f0000)]
  0x0000000020e6d000 JavaThread "WorkerExecutor Queue Thread 2" [_thread_blocked, id=15640, stack(0x00000000301f0000,0x00000000302f0000)]
  0x0000000020e71800 JavaThread "WorkerExecutor Queue" [_thread_blocked, id=7060, stack(0x000000002fdf0000,0x000000002fef0000)]
  0x0000000020e6a000 JavaThread "Cache worker for execution history cache (C:\Users\Carolina\Documents\CompuMovil\finalP\PetCare\.gradle\6.5\executionHistory)" [_thread_blocked, id=14696, stack(0x000000002fcf0000,0x000000002fdf0000)]
  0x0000000020e6a800 JavaThread "Execution worker for ':' Thread 3" [_thread_blocked, id=13224, stack(0x000000002fbf0000,0x000000002fcf0000)]
  0x0000000020e70800 JavaThread "Execution worker for ':' Thread 2" [_thread_blocked, id=9980, stack(0x0000000021a30000,0x0000000021b30000)]
  0x0000000020e70000 JavaThread "Execution worker for ':'" [_thread_blocked, id=5808, stack(0x0000000020770000,0x0000000020870000)]
  0x0000000020e6d800 JavaThread "Cache worker for file content cache (C:\Users\Carolina\Documents\CompuMovil\finalP\PetCare\.gradle\6.5\fileContent)" [_thread_blocked, id=240, stack(0x0000000020670000,0x0000000020770000)]
  0x0000000020e6f000 JavaThread "Cache worker for Build Output Cleanup Cache (C:\Users\Carolina\Documents\CompuMovil\finalP\PetCare\.gradle\buildOutputCleanup)" [_thread_blocked, id=7044, stack(0x0000000021930000,0x0000000021a30000)]
  0x000000001e1fa000 JavaThread "Build operations Thread 4" [_thread_blocked, id=3052, stack(0x0000000021e40000,0x0000000021f40000)]
  0x000000001e1fd000 JavaThread "Build operations Thread 3" [_thread_blocked, id=8456, stack(0x0000000021d40000,0x0000000021e40000)]
  0x000000001e1fb800 JavaThread "Build operations Thread 2" [_thread_blocked, id=4128, stack(0x0000000021c40000,0x0000000021d40000)]
  0x000000001e1f9000 JavaThread "Build operations" [_thread_blocked, id=12744, stack(0x0000000021b40000,0x0000000021c40000)]
  0x000000001e1f1000 JavaThread "Cache worker for cache directory md-rule (C:\Users\Carolina\.gradle\caches\6.5\md-rule)" [_thread_blocked, id=13060, stack(0x0000000020570000,0x0000000020670000)]
  0x000000001e1f7000 JavaThread "Cache worker for cache directory md-supplier (C:\Users\Carolina\.gradle\caches\6.5\md-supplier)" [_thread_blocked, id=14188, stack(0x0000000020470000,0x0000000020570000)]
  0x000000001e1f7800 JavaThread "Cache worker for checksums cache (C:\Users\Carolina\Documents\CompuMovil\finalP\PetCare\.gradle\checksums)" [_thread_blocked, id=15848, stack(0x0000000020170000,0x0000000020270000)]
  0x000000001e1f2800 JavaThread "Cache worker for file hash cache (C:\Users\Carolina\Documents\CompuMovil\finalP\PetCare\.gradle\6.5\fileHashes)" [_thread_blocked, id=12820, stack(0x000000001d6d0000,0x000000001d7d0000)]
  0x000000001e1f4800 JavaThread "Thread-295" [_thread_blocked, id=5008, stack(0x000000001d3d0000,0x000000001d4d0000)]
  0x000000001e1f4000 JavaThread "Asynchronous log dispatcher for DefaultDaemonConnection: socket connection from /127.0.0.1:60444 to /127.0.0.1:60737" [_thread_blocked, id=12736, stack(0x000000001d1d0000,0x000000001d2d0000)]
  0x000000001e1f1800 JavaThread "Daemon worker Thread 3" [_thread_blocked, id=8940, stack(0x000000001d0d0000,0x000000001d1d0000)]
  0x000000001e1f6000 JavaThread "Cancel handler" [_thread_blocked, id=15484, stack(0x000000001ca60000,0x000000001cb60000)]
  0x000000001e1f3000 JavaThread "Handler for socket connection from /127.0.0.1:60444 to /127.0.0.1:60737" [_thread_in_native, id=6032, stack(0x000000001c960000,0x000000001ca60000)]
  0x000000001e1f5800 JavaThread "Daemon Thread 3" [_thread_blocked, id=15688, stack(0x0000000001380000,0x0000000001480000)]
  0x000000001fd3f000 JavaThread "Memory manager" [_thread_blocked, id=4740, stack(0x000000002cd20000,0x000000002ce20000)]
  0x000000001a3b4800 JavaThread "Cache worker for file content cache (C:\Users\Carolina\.gradle\caches\6.5\fileContent)" [_thread_blocked, id=14316, stack(0x0000000023330000,0x0000000023430000)]
  0x000000001a3b8800 JavaThread "Cache worker for execution history cache (C:\Users\Carolina\.gradle\caches\6.5\executionHistory)" [_thread_blocked, id=12876, stack(0x0000000022e30000,0x0000000022f30000)]
  0x000000001b69c000 JavaThread "Cache worker for file hash cache (C:\Users\Carolina\.gradle\caches\6.5\fileHashes)" [_thread_blocked, id=7624, stack(0x000000001eca0000,0x000000001eda0000)]
  0x000000001b697000 JavaThread "File lock request listener" [_thread_in_native, id=5404, stack(0x000000001dbd0000,0x000000001dcd0000)]
  0x0000000019b9c000 JavaThread "Cache worker for journal cache (C:\Users\Carolina\.gradle\caches\journal-1)" [_thread_blocked, id=9152, stack(0x000000001d9d0000,0x000000001dad0000)]
  0x000000001b48b800 JavaThread "Daemon periodic checks" [_thread_blocked, id=4360, stack(0x000000001cdd0000,0x000000001ced0000)]
  0x000000001b476000 JavaThread "Incoming local TCP Connector on port 60444" [_thread_in_native, id=15388, stack(0x000000001cb60000,0x000000001cc60000)]
  0x000000001b34e800 JavaThread "Daemon health stats" [_thread_blocked, id=12308, stack(0x000000001c520000,0x000000001c620000)]
  0x0000000017c3e000 JavaThread "Service Thread" daemon [_thread_blocked, id=10460, stack(0x0000000019980000,0x0000000019a80000)]
  0x0000000017bfe800 JavaThread "C1 CompilerThread2" daemon [_thread_blocked, id=9884, stack(0x0000000019480000,0x0000000019580000)]
  0x0000000017bed800 JavaThread "C2 CompilerThread1" daemon [_thread_in_native, id=1432, stack(0x0000000019380000,0x0000000019480000)]
=>0x0000000017be9000 JavaThread "C2 CompilerThread0" daemon [_thread_in_native, id=16136, stack(0x0000000019280000,0x0000000019380000)]
  0x0000000017be7800 JavaThread "Attach Listener" daemon [_thread_blocked, id=8272, stack(0x0000000019180000,0x0000000019280000)]
  0x0000000017be4000 JavaThread "Signal Dispatcher" daemon [_thread_blocked, id=11936, stack(0x0000000019080000,0x0000000019180000)]
  0x0000000002fbd000 JavaThread "Finalizer" daemon [_thread_blocked, id=14580, stack(0x0000000018e60000,0x0000000018f60000)]
  0x0000000017bc9000 JavaThread "Reference Handler" daemon [_thread_blocked, id=8780, stack(0x0000000018d60000,0x0000000018e60000)]
  0x0000000002ebe800 JavaThread "main" [_thread_blocked, id=11628, stack(0x0000000002d20000,0x0000000002e20000)]

Other Threads:
  0x0000000017ba7000 VMThread [stack: 0x0000000018c60000,0x0000000018d60000] [id=720]
  0x0000000019580800 WatcherThread [stack: 0x0000000019a80000,0x0000000019b80000] [id=14144]

VM state:at safepoint (normal execution)

VM Mutex/Monitor currently owned by a thread:  ([mutex/lock_event])
[0x0000000002ec0d50] Threads_lock - owner thread: 0x0000000017ba7000
[0x0000000002ec08d0] Heap_lock - owner thread: 0x0000000020e71800

OutOfMemory and StackOverflow Exception counts:
OutOfMemoryError java_heap_errors=3

heap address: 0x0000000080000000, size: 2048 MB, Compressed Oops mode: 32-bit
Narrow klass base: 0x0000000000000000, Narrow klass shift: 3
Compressed class space size: 1073741824 Address: 0x0000000100000000

Heap:
 PSYoungGen      total 310272K, used 272016K [0x00000000d5580000, 0x00000000f4d80000, 0x0000000100000000)
  eden space 154624K, 100% used [0x00000000d5580000,0x00000000dec80000,0x00000000dec80000)
  from space 155648K, 75% used [0x00000000dec80000,0x00000000e5f24398,0x00000000e8480000)
  to   space 167424K, 6% used [0x00000000eaa00000,0x00000000eb4158f8,0x00000000f4d80000)
 ParOldGen       total 531968K, used 383418K [0x0000000080000000, 0x00000000a0780000, 0x00000000d5580000)
  object space 531968K, 72% used [0x0000000080000000,0x0000000097670880,0x00000000a0780000)
 Metaspace       used 133491K, capacity 139236K, committed 141248K, reserved 1171456K
  class space    used 16872K, capacity 18014K, committed 18432K, reserved 1048576K

Card table byte_map: [0x0000000012380000,0x0000000012790000] byte_map_base: 0x0000000011f80000

Marking Bits: (ParMarkBitMap*) 0x00000000720df030
 Begin Bits: [0x0000000012e40000, 0x0000000014e40000)
 End Bits:   [0x0000000014e40000, 0x0000000016e40000)

Polling page: 0x0000000000f80000

CodeCache: size=245760Kb used=70730Kb max_used=70730Kb free=175029Kb
 bounds [0x0000000002fc0000, 0x0000000007530000, 0x0000000011fc0000]
 total_blobs=21426 nmethods=20426 adapters=911
 compilation: enabled

Compilation events (10 events):
Event: 2543.716 Thread 0x0000000017bfe800 25332       1       com.android.tools.r8.code.o3::o (4 bytes)
Event: 2543.716 Thread 0x0000000017bfe800 nmethod 25332 0x00000000074e8d50 code [0x00000000074e8ea0, 0x00000000074e8fb0]
Event: 2543.719 Thread 0x0000000017bfe800 25333       1       com.android.tools.r8.code.A::o (3 bytes)
Event: 2543.719 Thread 0x0000000017bfe800 nmethod 25333 0x00000000074e9010 code [0x00000000074e9160, 0x00000000074e9270]
Event: 2543.730 Thread 0x0000000017bfe800 25335       1       com.android.tools.r8.code.G3::o (4 bytes)
Event: 2543.730 Thread 0x0000000017bfe800 nmethod 25335 0x00000000074e92d0 code [0x00000000074e9420, 0x00000000074e9530]
Event: 2543.802 Thread 0x0000000017bfe800 25338       2       com.android.tools.r8.dex.C::a (13 bytes)
Event: 2543.802 Thread 0x0000000017bfe800 nmethod 25338 0x00000000074e9590 code [0x00000000074e9700, 0x00000000074e9888]
Event: 2543.802 Thread 0x0000000017bfe800 25339       2       com.android.tools.r8.dex.r::a (233 bytes)
Event: 2543.804 Thread 0x0000000017bfe800 nmethod 25339 0x00000000074e9910 code [0x00000000074e9b40, 0x00000000074ea248]

GC Heap History (10 events):
Event: 2535.809 GC heap before
{Heap before GC invocations=34 (full 6):
 PSYoungGen      total 226816K, used 173056K [0x00000000d5580000, 0x00000000edc00000, 0x0000000100000000)
  eden space 173056K, 100% used [0x00000000d5580000,0x00000000dfe80000,0x00000000dfe80000)
  from space 53760K, 0% used [0x00000000e5780000,0x00000000e5780000,0x00000000e8c00000)
  to   space 91136K, 0% used [0x00000000dfe80000,0x00000000dfe80000,0x00000000e5780000)
 ParOldGen       total 531968K, used 299791K [0x0000000080000000, 0x00000000a0780000, 0x00000000d5580000)
  object space 531968K, 56% used [0x0000000080000000,0x00000000924c3ee0,0x00000000a0780000)
 Metaspace       used 132286K, capacity 137876K, committed 139968K, reserved 1171456K
  class space    used 16792K, capacity 17934K, committed 18432K, reserved 1048576K
Event: 2535.883 GC heap after
Heap after GC invocations=34 (full 6):
 PSYoungGen      total 264192K, used 40904K [0x00000000d5580000, 0x00000000eb500000, 0x0000000100000000)
  eden space 173056K, 0% used [0x00000000d5580000,0x00000000d5580000,0x00000000dfe80000)
  from space 91136K, 44% used [0x00000000dfe80000,0x00000000e26722d8,0x00000000e5780000)
  to   space 87552K, 0% used [0x00000000e5f80000,0x00000000e5f80000,0x00000000eb500000)
 ParOldGen       total 531968K, used 299799K [0x0000000080000000, 0x00000000a0780000, 0x00000000d5580000)
  object space 531968K, 56% used [0x0000000080000000,0x00000000924c5ee0,0x00000000a0780000)
 Metaspace       used 132286K, capacity 137876K, committed 139968K, reserved 1171456K
  class space    used 16792K, capacity 17934K, committed 18432K, reserved 1048576K
}
Event: 2538.095 GC heap before
{Heap before GC invocations=35 (full 6):
 PSYoungGen      total 264192K, used 213960K [0x00000000d5580000, 0x00000000eb500000, 0x0000000100000000)
  eden space 173056K, 100% used [0x00000000d5580000,0x00000000dfe80000,0x00000000dfe80000)
  from space 91136K, 44% used [0x00000000dfe80000,0x00000000e26722d8,0x00000000e5780000)
  to   space 87552K, 0% used [0x00000000e5f80000,0x00000000e5f80000,0x00000000eb500000)
 ParOldGen       total 531968K, used 299799K [0x0000000080000000, 0x00000000a0780000, 0x00000000d5580000)
  object space 531968K, 56% used [0x0000000080000000,0x00000000924c5ee0,0x00000000a0780000)
 Metaspace       used 133121K, capacity 138852K, committed 140736K, reserved 1171456K
  class space    used 16869K, capacity 18014K, committed 18432K, reserved 1048576K
Event: 2538.322 GC heap after
Heap after GC invocations=35 (full 6):
 PSYoungGen      total 254464K, used 87523K [0x00000000d5580000, 0x00000000edb00000, 0x0000000100000000)
  eden space 166912K, 0% used [0x00000000d5580000,0x00000000d5580000,0x00000000df880000)
  from space 87552K, 99% used [0x00000000e5f80000,0x00000000eb4f8d08,0x00000000eb500000)
  to   space 105472K, 0% used [0x00000000df880000,0x00000000df880000,0x00000000e5f80000)
 ParOldGen       total 531968K, used 310609K [0x0000000080000000, 0x00000000a0780000, 0x00000000d5580000)
  object space 531968K, 58% used [0x0000000080000000,0x0000000092f54758,0x00000000a0780000)
 Metaspace       used 133121K, capacity 138852K, committed 140736K, reserved 1171456K
  class space    used 16869K, capacity 18014K, committed 18432K, reserved 1048576K
}
Event: 2538.805 GC heap before
{Heap before GC invocations=36 (full 6):
 PSYoungGen      total 254464K, used 254435K [0x00000000d5580000, 0x00000000edb00000, 0x0000000100000000)
  eden space 166912K, 100% used [0x00000000d5580000,0x00000000df880000,0x00000000df880000)
  from space 87552K, 99% used [0x00000000e5f80000,0x00000000eb4f8d08,0x00000000eb500000)
  to   space 105472K, 0% used [0x00000000df880000,0x00000000df880000,0x00000000e5f80000)
 ParOldGen       total 531968K, used 310609K [0x0000000080000000, 0x00000000a0780000, 0x00000000d5580000)
  object space 531968K, 58% used [0x0000000080000000,0x0000000092f54758,0x00000000a0780000)
 Metaspace       used 133219K, capacity 138916K, committed 140992K, reserved 1171456K
  class space    used 16871K, capacity 18014K, committed 18432K, reserved 1048576K
Event: 2538.903 GC heap after
Heap after GC invocations=36 (full 6):
 PSYoungGen      total 272384K, used 105464K [0x00000000d5580000, 0x00000000efe00000, 0x0000000100000000)
  eden space 166912K, 0% used [0x00000000d5580000,0x00000000d5580000,0x00000000df880000)
  from space 105472K, 99% used [0x00000000df880000,0x00000000e5f7e030,0x00000000e5f80000)
  to   space 124416K, 0% used [0x00000000e8480000,0x00000000e8480000,0x00000000efe00000)
 ParOldGen       total 531968K, used 315889K [0x0000000080000000, 0x00000000a0780000, 0x00000000d5580000)
  object space 531968K, 59% used [0x0000000080000000,0x000000009347c758,0x00000000a0780000)
 Metaspace       used 133219K, capacity 138916K, committed 140992K, reserved 1171456K
  class space    used 16871K, capacity 18014K, committed 18432K, reserved 1048576K
}
Event: 2539.546 GC heap before
{Heap before GC invocations=37 (full 6):
 PSYoungGen      total 272384K, used 272376K [0x00000000d5580000, 0x00000000efe00000, 0x0000000100000000)
  eden space 166912K, 100% used [0x00000000d5580000,0x00000000df880000,0x00000000df880000)
  from space 105472K, 99% used [0x00000000df880000,0x00000000e5f7e030,0x00000000e5f80000)
  to   space 124416K, 0% used [0x00000000e8480000,0x00000000e8480000,0x00000000efe00000)
 ParOldGen       total 531968K, used 315889K [0x0000000080000000, 0x00000000a0780000, 0x00000000d5580000)
  object space 531968K, 59% used [0x0000000080000000,0x000000009347c758,0x00000000a0780000)
 Metaspace       used 133275K, capacity 139044K, committed 140992K, reserved 1171456K
  class space    used 16871K, capacity 18014K, committed 18432K, reserved 1048576K
Event: 2540.355 GC heap after
Heap after GC invocations=37 (full 6):
 PSYoungGen      total 279040K, used 124399K [0x00000000d5580000, 0x00000000f4580000, 0x0000000100000000)
  eden space 154624K, 0% used [0x00000000d5580000,0x00000000d5580000,0x00000000dec80000)
  from space 124416K, 99% used [0x00000000e8480000,0x00000000efdfbdd8,0x00000000efe00000)
  to   space 155648K, 0% used [0x00000000dec80000,0x00000000dec80000,0x00000000e8480000)
 ParOldGen       total 531968K, used 345194K [0x0000000080000000, 0x00000000a0780000, 0x00000000d5580000)
  object space 531968K, 64% used [0x0000000080000000,0x000000009511aa10,0x00000000a0780000)
 Metaspace       used 133275K, capacity 139044K, committed 140992K, reserved 1171456K
  class space    used 16871K, capacity 18014K, committed 18432K, reserved 1048576K
}
Event: 2542.151 GC heap before
{Heap before GC invocations=38 (full 6):
 PSYoungGen      total 279040K, used 276738K [0x00000000d5580000, 0x00000000f4580000, 0x0000000100000000)
  eden space 154624K, 98% used [0x00000000d5580000,0x00000000dea44b20,0x00000000dec80000)
  from space 124416K, 99% used [0x00000000e8480000,0x00000000efdfbdd8,0x00000000efe00000)
  to   space 155648K, 0% used [0x00000000dec80000,0x00000000dec80000,0x00000000e8480000)
 ParOldGen       total 531968K, used 345194K [0x0000000080000000, 0x00000000a0780000, 0x00000000d5580000)
  object space 531968K, 64% used [0x0000000080000000,0x000000009511aa10,0x00000000a0780000)
 Metaspace       used 133393K, capacity 139044K, committed 140992K, reserved 1171456K
  class space    used 16871K, capacity 18014K, committed 18432K, reserved 1048576K
Event: 2542.468 GC heap after
Heap after GC invocations=38 (full 6):
 PSYoungGen      total 310272K, used 117392K [0x00000000d5580000, 0x00000000f4d80000, 0x0000000100000000)
  eden space 154624K, 0% used [0x00000000d5580000,0x00000000d5580000,0x00000000dec80000)
  from space 155648K, 75% used [0x00000000dec80000,0x00000000e5f24398,0x00000000e8480000)
  to   space 167424K, 0% used [0x00000000eaa00000,0x00000000eaa00000,0x00000000f4d80000)
 ParOldGen       total 531968K, used 372657K [0x0000000080000000, 0x00000000a0780000, 0x00000000d5580000)
  object space 531968K, 70% used [0x0000000080000000,0x0000000096bec498,0x00000000a0780000)
 Metaspace       used 133393K, capacity 139044K, committed 140992K, reserved 1171456K
  class space    used 16871K, capacity 18014K, committed 18432K, reserved 1048576K
}

Deoptimization events (10 events):
Event: 2542.150 Thread 0x0000000020e55000 Uncommon trap: reason=unstable_if action=reinterpret pc=0x00000000064381e0 method=com.android.tools.r8.dex.m.c(I)V @ 8
Event: 2542.620 Thread 0x0000000020e55000 Uncommon trap: reason=unstable_if action=reinterpret pc=0x00000000073121b0 method=com.android.tools.r8.dex.l.a(I)V @ 8
Event: 2543.487 Thread 0x0000000020e56000 Uncommon trap: reason=class_check action=maybe_recompile pc=0x00000000074c0fbc method=com.android.tools.r8.dex.r.a(Ljava/util/Collection;ILjava/util/function/Consumer;)V @ 29
Event: 2543.487 Thread 0x0000000020e56000 Uncommon trap: reason=class_check action=maybe_recompile pc=0x00000000074c0fbc method=com.android.tools.r8.dex.r.a(Ljava/util/Collection;ILjava/util/function/Consumer;)V @ 29
Event: 2543.567 Thread 0x0000000020e5c000 Uncommon trap: reason=class_check action=maybe_recompile pc=0x00000000074c0fbc method=com.android.tools.r8.dex.r.a(Ljava/util/Collection;ILjava/util/function/Consumer;)V @ 29
Event: 2543.567 Thread 0x0000000020e5c000 Uncommon trap: reason=class_check action=maybe_recompile pc=0x00000000074c0fbc method=com.android.tools.r8.dex.r.a(Ljava/util/Collection;ILjava/util/function/Consumer;)V @ 29
Event: 2543.800 Thread 0x0000000020e55000 Uncommon trap: reason=class_check action=maybe_recompile pc=0x00000000074075cc method=com.android.tools.r8.dex.r.a(Ljava/lang/Iterable;Z)V @ 132
Event: 2543.800 Thread 0x0000000020e55000 Uncommon trap: reason=class_check action=maybe_recompile pc=0x00000000074075cc method=com.android.tools.r8.dex.r.a(Ljava/lang/Iterable;Z)V @ 132
Event: 2543.800 Thread 0x0000000020e55000 Uncommon trap: reason=class_check action=maybe_recompile pc=0x00000000074075cc method=com.android.tools.r8.dex.r.a(Ljava/lang/Iterable;Z)V @ 132
Event: 2543.800 Thread 0x0000000020e55000 Uncommon trap: reason=class_check action=maybe_recompile pc=0x00000000074075cc method=com.android.tools.r8.dex.r.a(Ljava/lang/Iterable;Z)V @ 132

Classes redefined (0 events):
No events

Internal exceptions (10 events):
Event: 2526.066 Thread 0x0000000020e5d000 Implicit null exception at 0x0000000003ba78ef to 0x0000000003ba79dd
Event: 2531.592 Thread 0x0000000020e75000 Implicit null exception at 0x000000000354cf74 to 0x000000000354d266
Event: 2535.201 Thread 0x0000000020e70800 Implicit null exception at 0x0000000005bc89bf to 0x0000000005bc9259
Event: 2537.384 Thread 0x0000000020e56000 Implicit null exception at 0x00000000070d480d to 0x00000000070d4b1e
Event: 2537.386 Thread 0x0000000020e56000 Implicit null exception at 0x00000000031de24a to 0x00000000031de2ea
Event: 2537.539 Thread 0x0000000020e56000 Implicit null exception at 0x000000000636c80f to 0x000000000636c981
Event: 2538.903 Thread 0x0000000020e55000 Implicit null exception at 0x000000000724af08 to 0x000000000724c4b1
Event: 2543.704 Thread 0x0000000020e56000 Exception <a 'sun/nio/fs/WindowsException'> (0x00000000da7adfb8) thrown at [C:\src\AOSP-openjdk-git\hotspot\src\share\vm\prims\jni.cpp, line 710]
Event: 2543.716 Thread 0x0000000020e56000 Exception <a 'java/lang/OutOfMemoryError'> (0x00000000da7ae9e0) thrown at [C:\src\AOSP-openjdk-git\hotspot\src\share\vm\prims\unsafe.cpp, line 618]
Event: 2543.717 Thread 0x0000000020e5c000 Exception <a 'sun/nio/fs/WindowsException'> (0x00000000da979e80) thrown at [C:\src\AOSP-openjdk-git\hotspot\src\share\vm\prims\jni.cpp, line 710]

Events (10 events):
Event: 2543.800 Thread 0x0000000020e55000 DEOPT UNPACKING pc=0x000000000300557b sp=0x0000000028d5e508 mode 2
Event: 2543.800 Thread 0x0000000020e55000 Uncommon trap: trap_request=0xffffffde fr.pc=0x00000000074075cc
Event: 2543.800 Thread 0x0000000020e55000 DEOPT PACKING pc=0x00000000074075cc sp=0x0000000028d5e530
Event: 2543.800 Thread 0x0000000020e55000 DEOPT UNPACKING pc=0x000000000300557b sp=0x0000000028d5e508 mode 2
Event: 2543.816 Thread 0x0000000020e55000 DEOPT PACKING pc=0x00000000074ea093 sp=0x0000000028d5e490
Event: 2543.816 Thread 0x0000000020e55000 DEOPT UNPACKING pc=0x00000000030075d0 sp=0x0000000028d5e288 mode 0
Event: 2543.837 Thread 0x0000000020e55000 DEOPT PACKING pc=0x00000000074ea093 sp=0x0000000028d5e490
Event: 2543.837 Thread 0x0000000020e55000 DEOPT UNPACKING pc=0x00000000030075d0 sp=0x0000000028d5e288 mode 0
Event: 2543.859 Thread 0x0000000020e55000 DEOPT PACKING pc=0x00000000074ea093 sp=0x0000000028d5e490
Event: 2543.859 Thread 0x0000000020e55000 DEOPT UNPACKING pc=0x00000000030075d0 sp=0x0000000028d5e288 mode 0


Dynamic libraries:
0x00007ff7cea40000 - 0x00007ff7cea71000 	C:\Program Files\Android\Android Studio\jre\bin\java.exe
0x00007ff9dece0000 - 0x00007ff9deed0000 	C:\WINDOWS\SYSTEM32\ntdll.dll
0x00007ff9ddeb0000 - 0x00007ff9ddf62000 	C:\WINDOWS\System32\KERNEL32.DLL
0x00007ff9dbc70000 - 0x00007ff9dbf15000 	C:\WINDOWS\System32\KERNELBASE.dll
0x00007ff9ddf70000 - 0x00007ff9de013000 	C:\WINDOWS\System32\ADVAPI32.dll
0x00007ff9de780000 - 0x00007ff9de81e000 	C:\WINDOWS\System32\msvcrt.dll
0x00007ff9de980000 - 0x00007ff9dea17000 	C:\WINDOWS\System32\sechost.dll
0x00007ff9dd220000 - 0x00007ff9dd340000 	C:\WINDOWS\System32\RPCRT4.dll
0x00007ff9deb00000 - 0x00007ff9dec94000 	C:\WINDOWS\System32\USER32.dll
0x00007ff9dc370000 - 0x00007ff9dc391000 	C:\WINDOWS\System32\win32u.dll
0x00007ff9ddbe0000 - 0x00007ff9ddc06000 	C:\WINDOWS\System32\GDI32.dll
0x00007ff9dc1d0000 - 0x00007ff9dc366000 	C:\WINDOWS\System32\gdi32full.dll
0x00007ff9dc3f0000 - 0x00007ff9dc48e000 	C:\WINDOWS\System32\msvcp_win.dll
0x00007ff9dbf80000 - 0x00007ff9dc07a000 	C:\WINDOWS\System32\ucrtbase.dll
0x00007ff9c1a60000 - 0x00007ff9c1ce4000 	C:\WINDOWS\WinSxS\amd64_microsoft.windows.common-controls_6595b64144ccf1df_6.0.18362.1256_none_9e7e379be45e40e2\COMCTL32.dll
0x00007ff9dd340000 - 0x00007ff9dd676000 	C:\WINDOWS\System32\combase.dll
0x00007ff9dcd00000 - 0x00007ff9dcd81000 	C:\WINDOWS\System32\bcryptPrimitives.dll
0x00007ff9dead0000 - 0x00007ff9deafe000 	C:\WINDOWS\System32\IMM32.DLL
0x00000000722f0000 - 0x00000000723c2000 	C:\Program Files\Android\Android Studio\jre\jre\bin\msvcr100.dll
0x0000000071910000 - 0x000000007215b000 	C:\Program Files\Android\Android Studio\jre\jre\bin\server\jvm.dll
0x00007ff9de020000 - 0x00007ff9de028000 	C:\WINDOWS\System32\PSAPI.DLL
0x00007ff9cf0f0000 - 0x00007ff9cf0fa000 	C:\WINDOWS\SYSTEM32\VERSION.dll
0x00007ff9d8f10000 - 0x00007ff9d8f34000 	C:\WINDOWS\SYSTEM32\WINMM.dll
0x00007ff9c2620000 - 0x00007ff9c2629000 	C:\WINDOWS\SYSTEM32\WSOCK32.dll
0x00007ff9dd700000 - 0x00007ff9dd76f000 	C:\WINDOWS\System32\WS2_32.dll
0x00007ff9d8cc0000 - 0x00007ff9d8ced000 	C:\WINDOWS\SYSTEM32\winmmbase.dll
0x00007ff9dc3a0000 - 0x00007ff9dc3ea000 	C:\WINDOWS\System32\cfgmgr32.dll
0x00007ff9cc5f0000 - 0x00007ff9cc5ff000 	C:\Program Files\Android\Android Studio\jre\jre\bin\verify.dll
0x00007ff9c1380000 - 0x00007ff9c13a9000 	C:\Program Files\Android\Android Studio\jre\jre\bin\java.dll
0x00007ff9bcfa0000 - 0x00007ff9bcfb6000 	C:\Program Files\Android\Android Studio\jre\jre\bin\zip.dll
0x00007ff9de090000 - 0x00007ff9de777000 	C:\WINDOWS\System32\SHELL32.dll
0x00007ff9dce10000 - 0x00007ff9dceb9000 	C:\WINDOWS\System32\shcore.dll
0x00007ff9dc490000 - 0x00007ff9dcc11000 	C:\WINDOWS\System32\windows.storage.dll
0x00007ff9dbc20000 - 0x00007ff9dbc43000 	C:\WINDOWS\System32\profapi.dll
0x00007ff9dbbd0000 - 0x00007ff9dbc1a000 	C:\WINDOWS\System32\powrprof.dll
0x00007ff9dbb80000 - 0x00007ff9dbb90000 	C:\WINDOWS\System32\UMPDC.dll
0x00007ff9de030000 - 0x00007ff9de082000 	C:\WINDOWS\System32\shlwapi.dll
0x00007ff9dbbb0000 - 0x00007ff9dbbc1000 	C:\WINDOWS\System32\kernel.appcore.dll
0x00007ff9dbc50000 - 0x00007ff9dbc67000 	C:\WINDOWS\System32\cryptsp.dll
0x00007ff9b8d70000 - 0x00007ff9b8d8a000 	C:\Program Files\Android\Android Studio\jre\jre\bin\net.dll
0x00007ff9db3d0000 - 0x00007ff9db437000 	C:\WINDOWS\system32\mswsock.dll
0x00007ff9a5320000 - 0x00007ff9a5333000 	C:\Program Files\Android\Android Studio\jre\jre\bin\nio.dll
0x00007ff9946b0000 - 0x00007ff9946d7000 	C:\Users\Carolina\.gradle\native\f6784746aeab05261644944871eae4fe03e0ef1612fff0a4a95f87b438bc6780\windows-amd64\native-platform.dll
0x00007ff9c1480000 - 0x00007ff9c148d000 	C:\Program Files\Android\Android Studio\jre\jre\bin\management.dll
0x00007ff9daf40000 - 0x00007ff9daf73000 	C:\WINDOWS\system32\rsaenh.dll
0x00007ff9dcc20000 - 0x00007ff9dcc46000 	C:\WINDOWS\System32\bcrypt.dll
0x00007ff9dbaa0000 - 0x00007ff9dbac5000 	C:\WINDOWS\SYSTEM32\USERENV.dll
0x00007ff9db5a0000 - 0x00007ff9db5ac000 	C:\WINDOWS\SYSTEM32\CRYPTBASE.dll
0x00007ff9db0e0000 - 0x00007ff9db11a000 	C:\WINDOWS\SYSTEM32\IPHLPAPI.DLL
0x00007ff9ddea0000 - 0x00007ff9ddea8000 	C:\WINDOWS\System32\NSI.dll
0x00007ff9d0190000 - 0x00007ff9d01a6000 	C:\WINDOWS\SYSTEM32\dhcpcsvc6.DLL
0x00007ff9d0170000 - 0x00007ff9d018c000 	C:\WINDOWS\SYSTEM32\dhcpcsvc.DLL
0x00007ff9db120000 - 0x00007ff9db1eb000 	C:\WINDOWS\SYSTEM32\DNSAPI.dll
0x00007ff9d1980000 - 0x00007ff9d198b000 	C:\WINDOWS\SYSTEM32\WINNSI.DLL
0x00007ff998da0000 - 0x00007ff998dc4000 	C:\Program Files\Android\Android Studio\jre\jre\bin\sunec.dll
0x00007ff9cf1a0000 - 0x00007ff9cf1aa000 	C:\Windows\System32\rasadhlp.dll
0x00007ff9cfe30000 - 0x00007ff9cfea7000 	C:\WINDOWS\System32\fwpuclnt.dll
0x00007ff9d76c0000 - 0x00007ff9d76cb000 	C:\Program Files\Android\Android Studio\jre\jre\bin\sunmscapi.dll
0x00007ff9dc080000 - 0x00007ff9dc1c9000 	C:\WINDOWS\System32\CRYPT32.dll
0x00007ff9dbb90000 - 0x00007ff9dbba2000 	C:\WINDOWS\System32\MSASN1.dll
0x00007ff9dabc0000 - 0x00007ff9dabf1000 	C:\WINDOWS\SYSTEM32\ntmarta.dll
0x00007ff9cdd50000 - 0x00007ff9cdd6e000 	C:\Users\Carolina\AppData\Local\Temp\native-platform2316720162079594030dir\native-platform.dll
0x0000000066e00000 - 0x0000000066f03000 	C:\Users\Carolina\AppData\Local\Temp\sqlite-3.25.2-6f6006a1-6521-47f5-bccc-09c59729cdea-sqlitejdbc.dll

VM Arguments:
jvm_args: -Xmx2048m -Dfile.encoding=UTF-8 -Duser.country=CO -Duser.language=es -Duser.variant 
java_command: org.gradle.launcher.daemon.bootstrap.GradleDaemon 6.5
java_class_path (initial): C:\Users\Carolina\.gradle\wrapper\dists\gradle-6.5-all\2oz4ud9k3tuxjg84bbf55q0tn\gradle-6.5\lib\gradle-launcher-6.5.jar
Launcher Type: SUN_STANDARD

Environment Variables:
JAVA_HOME=C:\Program Files\Java\jdk1.8.0_211
CLASSPATH=.;
USERNAME=Carolina
OS=Windows_NT
PROCESSOR_IDENTIFIER=Intel64 Family 6 Model 69 Stepping 1, GenuineIntel



---------------  S Y S T E M  ---------------

OS: Windows 10.0 , 64 bit Build 18362 (10.0.18362.1110)

CPU:total 4 (initial active 4) (2 cores per cpu, 2 threads per core) family 6 model 69 stepping 1, cmov, cx8, fxsr, mmx, sse, sse2, sse3, ssse3, sse4.1, sse4.2, popcnt, avx, avx2, aes, clmul, erms, lzcnt, ht, tsc, tscinvbit, bmi1, bmi2

Memory: 4k page, physical 8281860k(436960k free), swap 12476164k(42820k free)

vm_info: OpenJDK 64-Bit Server VM (25.242-b01) for windows-amd64 JRE (1.8.0_242-release-1644-b01), built by "builder" with MS VC++ 10.0 (VS2010)

time: Mon Jan 25 15:45:06 2021
timezone: Hora est. Pacífico, Sudamérica
elapsed time: 2544 seconds (0d 0h 42m 24s)

