#
# There is insufficient memory for the Java Runtime Environment to continue.
# Native memory allocation (malloc) failed to allocate 1459376 bytes for Chunk::new
# Possible reasons:
#   The system is out of physical RAM or swap space
#   The process is running with CompressedOops enabled, and the Java Heap may be blocking the growth of the native heap
# Possible solutions:
#   Reduce memory load on the system
#   Increase physical memory or swap space
#   Check if swap backing store is full
#   Decrease Java heap size (-Xmx/-Xms)
#   Decrease number of Java threads
#   Decrease Java thread stack sizes (-Xss)
#   Set larger code cache with -XX:ReservedCodeCacheSize=
#   JVM is running with Unscaled Compressed Oops mode in which the Java heap is
#     placed in the first 4GB address space. The Java Heap base address is the
#     maximum limit for the native heap growth. Please use -XX:HeapBaseMinAddress
#     to set the Java Heap base and to place the Java Heap above 4GB virtual address.
# This output file may be truncated or incomplete.
#
#  Out of Memory Error (allocation.cpp:389), pid=13692, tid=0x00000000000005c0
#
# JRE version: OpenJDK Runtime Environment (8.0_242-b01) (build 1.8.0_242-release-1644-b01)
# Java VM: OpenJDK 64-Bit Server VM (25.242-b01 mixed mode windows-amd64 compressed oops)
# Failed to write core dump. Minidumps are not enabled by default on client versions of Windows
#

---------------  T H R E A D  ---------------

Current thread (0x000000001700c000):  JavaThread "C2 CompilerThread1" daemon [_thread_in_native, id=1472, stack(0x0000000018770000,0x0000000018870000)]

Stack: [0x0000000018770000,0x0000000018870000]
[error occurred during error reporting (printing stack bounds), id 0xc0000005]

Native frames: (J=compiled Java code, j=interpreted, Vv=VM code, C=native code)


Current CompileTask:
C2:  58296 17653 %     4       com.android.tools.r8.dex.n::a @ 312 (910 bytes)


---------------  P R O C E S S  ---------------

Java Threads: ( => current thread )
  0x000000002b5e6800 JavaThread "ForkJoinPool.commonPool-worker-3" daemon [_thread_blocked, id=1960, stack(0x000000002fba0000,0x000000002fca0000)]
  0x000000002b5e9800 JavaThread "ForkJoinPool.commonPool-worker-2" daemon [_thread_blocked, id=10120, stack(0x000000002f0a0000,0x000000002f1a0000)]
  0x000000002b5e0800 JavaThread "ForkJoinPool.commonPool-worker-1" daemon [_thread_blocked, id=14780, stack(0x000000002d780000,0x000000002d880000)]
  0x000000002b5e2000 JavaThread "stdout" [_thread_in_native, id=14828, stack(0x000000002dfd0000,0x000000002e0d0000)]
  0x000000002b5e5000 JavaThread "stderr" [_thread_in_native, id=12816, stack(0x000000002ded0000,0x000000002dfd0000)]
  0x000000002b5df000 JavaThread "pool-2-thread-1" [_thread_blocked, id=15944, stack(0x000000002ddd0000,0x000000002ded0000)]
  0x000000002b5e0000 JavaThread "WorkerExecutor Queue Thread 5" [_thread_blocked, id=4736, stack(0x000000002dcd0000,0x000000002ddd0000)]
  0x000000002b5e3800 JavaThread "WorkerExecutor Queue Thread 4" [_thread_blocked, id=16360, stack(0x000000002d910000,0x000000002da10000)]
  0x000000002b5e6000 JavaThread "WorkerExecutor Queue Thread 2" [_thread_blocked, id=12736, stack(0x000000002d480000,0x000000002d580000)]
  0x000000001e46f800 JavaThread "WorkerExecutor Queue" [_thread_blocked, id=6200, stack(0x000000002ced0000,0x000000002cfd0000)]
  0x000000001e471000 JavaThread "Cache worker for execution history cache (C:\Users\Carolina\Documents\CompuMovil\finalP\PetCare\.gradle\6.5\executionHistory)" [_thread_blocked, id=940, stack(0x000000002c7d0000,0x000000002c8d0000)]
  0x000000001e472800 JavaThread "Execution worker for ':' Thread 3" [_thread_blocked, id=10264, stack(0x000000002c6d0000,0x000000002c7d0000)]
  0x000000001e470000 JavaThread "Execution worker for ':' Thread 2" [_thread_blocked, id=15728, stack(0x000000002c5d0000,0x000000002c6d0000)]
  0x000000001e464000 JavaThread "Execution worker for ':'" [_thread_blocked, id=4340, stack(0x000000002c4d0000,0x000000002c5d0000)]
  0x000000001e467000 JavaThread "Cache worker for file content cache (C:\Users\Carolina\Documents\CompuMovil\finalP\PetCare\.gradle\6.5\fileContent)" [_thread_blocked, id=3392, stack(0x000000002b000000,0x000000002b100000)]
  0x000000001e46a000 JavaThread "Memory manager" [_thread_blocked, id=12236, stack(0x000000002a100000,0x000000002a200000)]
  0x000000001e465800 JavaThread "Cache worker for Build Output Cleanup Cache (C:\Users\Carolina\Documents\CompuMovil\finalP\PetCare\.gradle\buildOutputCleanup)" [_thread_blocked, id=16028, stack(0x0000000029a00000,0x0000000029b00000)]
  0x000000001e466800 JavaThread "jar transforms Thread 121" [_thread_blocked, id=104, stack(0x0000000029700000,0x0000000029800000)]
  0x000000001e465000 JavaThread "jar transforms Thread 120" [_thread_blocked, id=3380, stack(0x0000000029600000,0x0000000029700000)]
  0x000000001b10e800 JavaThread "jar transforms Thread 119" [_thread_blocked, id=13844, stack(0x0000000029500000,0x0000000029600000)]
  0x000000001b115800 JavaThread "jar transforms Thread 118" [_thread_blocked, id=4768, stack(0x0000000029400000,0x0000000029500000)]
  0x000000001b114800 JavaThread "jar transforms Thread 117" [_thread_blocked, id=14668, stack(0x0000000029300000,0x0000000029400000)]
  0x000000001b114000 JavaThread "jar transforms Thread 116" [_thread_blocked, id=12724, stack(0x0000000029200000,0x0000000029300000)]
  0x000000001b110000 JavaThread "jar transforms Thread 115" [_thread_blocked, id=860, stack(0x0000000029100000,0x0000000029200000)]
  0x000000001b111000 JavaThread "jar transforms Thread 114" [_thread_blocked, id=3468, stack(0x0000000029000000,0x0000000029100000)]
  0x000000001b10f800 JavaThread "jar transforms Thread 113" [_thread_blocked, id=13300, stack(0x0000000028e00000,0x0000000028f00000)]
  0x000000001b113000 JavaThread "jar transforms Thread 112" [_thread_blocked, id=13780, stack(0x0000000028d00000,0x0000000028e00000)]
  0x000000001b111800 JavaThread "jar transforms Thread 111" [_thread_blocked, id=3984, stack(0x0000000028c00000,0x0000000028d00000)]
  0x000000001b112800 JavaThread "jar transforms Thread 110" [_thread_blocked, id=7548, stack(0x0000000028b00000,0x0000000028c00000)]
  0x000000001b107000 JavaThread "jar transforms Thread 109" [_thread_blocked, id=9380, stack(0x0000000028a00000,0x0000000028b00000)]
  0x000000001b10e000 JavaThread "jar transforms Thread 108" [_thread_blocked, id=7180, stack(0x0000000028900000,0x0000000028a00000)]
  0x000000001b106800 JavaThread "jar transforms Thread 107" [_thread_blocked, id=6772, stack(0x0000000028800000,0x0000000028900000)]
  0x000000001b10d000 JavaThread "jar transforms Thread 106" [_thread_blocked, id=11348, stack(0x0000000028700000,0x0000000028800000)]
  0x000000001b108800 JavaThread "jar transforms Thread 105" [_thread_blocked, id=13632, stack(0x0000000028600000,0x0000000028700000)]
  0x000000001b109800 JavaThread "jar transforms Thread 104" [_thread_blocked, id=7612, stack(0x0000000028500000,0x0000000028600000)]
  0x000000001b10c800 JavaThread "jar transforms Thread 103" [_thread_blocked, id=11924, stack(0x0000000028400000,0x0000000028500000)]
  0x000000001b10b000 JavaThread "jar transforms Thread 102" [_thread_blocked, id=12600, stack(0x0000000028300000,0x0000000028400000)]
  0x000000001b108000 JavaThread "jar transforms Thread 101" [_thread_blocked, id=14636, stack(0x0000000028200000,0x0000000028300000)]
  0x000000001b10b800 JavaThread "jar transforms Thread 100" [_thread_blocked, id=15132, stack(0x0000000028100000,0x0000000028200000)]
  0x000000001b10a000 JavaThread "jar transforms Thread 99" [_thread_blocked, id=13532, stack(0x0000000028000000,0x0000000028100000)]
  0x000000001ac23800 JavaThread "jar transforms Thread 98" [_thread_blocked, id=6584, stack(0x0000000027f00000,0x0000000028000000)]
  0x000000001ac22000 JavaThread "jar transforms Thread 97" [_thread_blocked, id=8928, stack(0x0000000027e00000,0x0000000027f00000)]
  0x000000001ac21000 JavaThread "jar transforms Thread 96" [_thread_blocked, id=928, stack(0x0000000027d00000,0x0000000027e00000)]
  0x000000001ac20800 JavaThread "jar transforms Thread 95" [_thread_blocked, id=7792, stack(0x0000000027c00000,0x0000000027d00000)]
  0x000000001ac22800 JavaThread "jar transforms Thread 94" [_thread_blocked, id=15412, stack(0x0000000027b00000,0x0000000027c00000)]
  0x000000001ac19000 JavaThread "jar transforms Thread 93" [_thread_blocked, id=3216, stack(0x0000000027a00000,0x0000000027b00000)]
  0x000000001ac1f800 JavaThread "jar transforms Thread 92" [_thread_blocked, id=15108, stack(0x0000000027900000,0x0000000027a00000)]
  0x000000001ac18000 JavaThread "jar transforms Thread 91" [_thread_blocked, id=652, stack(0x0000000027800000,0x0000000027900000)]
  0x000000001ac1e000 JavaThread "jar transforms Thread 90" [_thread_blocked, id=12456, stack(0x0000000027700000,0x0000000027800000)]
  0x000000001ac1f000 JavaThread "jar transforms Thread 89" [_thread_blocked, id=11236, stack(0x0000000027600000,0x0000000027700000)]
  0x000000001ac1d800 JavaThread "jar transforms Thread 88" [_thread_blocked, id=5652, stack(0x0000000027500000,0x0000000027600000)]
  0x000000001ac17800 JavaThread "jar transforms Thread 87" [_thread_blocked, id=9000, stack(0x0000000027400000,0x0000000027500000)]
  0x000000001ac1c800 JavaThread "jar transforms Thread 86" [_thread_blocked, id=7216, stack(0x0000000027300000,0x0000000027400000)]
  0x000000001ac15000 JavaThread "jar transforms Thread 85" [_thread_blocked, id=6992, stack(0x0000000027200000,0x0000000027300000)]
  0x000000001ac16800 JavaThread "jar transforms Thread 84" [_thread_blocked, id=6072, stack(0x0000000027100000,0x0000000027200000)]
  0x000000001ac19800 JavaThread "jar transforms Thread 83" [_thread_blocked, id=7908, stack(0x0000000027000000,0x0000000027100000)]
  0x000000001ac1a800 JavaThread "jar transforms Thread 82" [_thread_blocked, id=7032, stack(0x0000000026f00000,0x0000000027000000)]
  0x000000001ac1c000 JavaThread "jar transforms Thread 81" [_thread_blocked, id=792, stack(0x0000000026e00000,0x0000000026f00000)]
  0x000000001ac16000 JavaThread "jar transforms Thread 80" [_thread_blocked, id=15832, stack(0x0000000026d00000,0x0000000026e00000)]
  0x000000001ac1b000 JavaThread "jar transforms Thread 79" [_thread_blocked, id=14096, stack(0x0000000026c00000,0x0000000026d00000)]
  0x000000001ac14800 JavaThread "jar transforms Thread 78" [_thread_blocked, id=5064, stack(0x0000000026b00000,0x0000000026c00000)]
  0x000000001ffec800 JavaThread "jar transforms Thread 77" [_thread_blocked, id=13840, stack(0x0000000026a00000,0x0000000026b00000)]
  0x000000001ffeb800 JavaThread "jar transforms Thread 76" [_thread_blocked, id=13028, stack(0x0000000026900000,0x0000000026a00000)]
  0x000000001ffef800 JavaThread "jar transforms Thread 75" [_thread_blocked, id=344, stack(0x0000000026800000,0x0000000026900000)]
  0x000000001ffea000 JavaThread "jar transforms Thread 74" [_thread_blocked, id=8716, stack(0x0000000026700000,0x0000000026800000)]
  0x000000001ffee800 JavaThread "jar transforms Thread 73" [_thread_blocked, id=13436, stack(0x0000000026600000,0x0000000026700000)]
  0x000000001ffee000 JavaThread "jar transforms Thread 72" [_thread_blocked, id=15536, stack(0x0000000026500000,0x0000000026600000)]
  0x000000001ffeb000 JavaThread "jar transforms Thread 71" [_thread_blocked, id=9780, stack(0x0000000026400000,0x0000000026500000)]
  0x000000001ffed000 JavaThread "jar transforms Thread 70" [_thread_blocked, id=9360, stack(0x0000000026300000,0x0000000026400000)]
  0x000000001fff0000 JavaThread "jar transforms Thread 69" [_thread_blocked, id=15676, stack(0x0000000026200000,0x0000000026300000)]
  0x000000001ffe2800 JavaThread "jar transforms Thread 68" [_thread_blocked, id=10520, stack(0x0000000026100000,0x0000000026200000)]
  0x000000001ffe9800 JavaThread "jar transforms Thread 67" [_thread_blocked, id=13380, stack(0x0000000026000000,0x0000000026100000)]
  0x000000001ffe8800 JavaThread "jar transforms Thread 66" [_thread_blocked, id=13748, stack(0x0000000025f00000,0x0000000026000000)]
  0x000000001ffe3800 JavaThread "jar transforms Thread 65" [_thread_blocked, id=3420, stack(0x0000000025e00000,0x0000000025f00000)]
  0x000000001ffe2000 JavaThread "jar transforms Thread 64" [_thread_blocked, id=16284, stack(0x0000000025d00000,0x0000000025e00000)]
  0x000000001ffe8000 JavaThread "jar transforms Thread 63" [_thread_blocked, id=1080, stack(0x0000000025c00000,0x0000000025d00000)]
  0x000000001ffe5800 JavaThread "jar transforms Thread 62" [_thread_blocked, id=11628, stack(0x0000000025b00000,0x0000000025c00000)]
  0x000000001ffe1000 JavaThread "jar transforms Thread 61" [_thread_blocked, id=15644, stack(0x0000000025a00000,0x0000000025b00000)]
  0x000000001ffe7000 JavaThread "jar transforms Thread 60" [_thread_blocked, id=7348, stack(0x0000000025900000,0x0000000025a00000)]
  0x000000001ffe6800 JavaThread "jar transforms Thread 59" [_thread_blocked, id=11284, stack(0x0000000025800000,0x0000000025900000)]
  0x000000001ffe5000 JavaThread "jar transforms Thread 58" [_thread_blocked, id=8068, stack(0x0000000025700000,0x0000000025800000)]
  0x000000001ffe4000 JavaThread "jar transforms Thread 57" [_thread_blocked, id=5380, stack(0x0000000025600000,0x0000000025700000)]
  0x000000001ffde000 JavaThread "jar transforms Thread 56" [_thread_blocked, id=11580, stack(0x0000000025500000,0x0000000025600000)]
  0x000000001ffdd000 JavaThread "jar transforms Thread 55" [_thread_blocked, id=7840, stack(0x0000000025400000,0x0000000025500000)]
  0x000000001ffe0000 JavaThread "jar transforms Thread 54" [_thread_blocked, id=15304, stack(0x0000000025300000,0x0000000025400000)]
  0x000000001ffdf800 JavaThread "jar transforms Thread 53" [_thread_blocked, id=10968, stack(0x0000000025200000,0x0000000025300000)]
  0x000000001ffdb000 JavaThread "jar transforms Thread 52" [_thread_blocked, id=15968, stack(0x0000000025100000,0x0000000025200000)]
  0x000000001ffde800 JavaThread "jar transforms Thread 51" [_thread_blocked, id=10268, stack(0x0000000025000000,0x0000000025100000)]
  0x000000001ffda000 JavaThread "jar transforms Thread 50" [_thread_blocked, id=32, stack(0x0000000024f00000,0x0000000025000000)]
  0x000000001ffd6800 JavaThread "jar transforms Thread 49" [_thread_blocked, id=16296, stack(0x0000000024e00000,0x0000000024f00000)]
  0x000000001ffd9800 JavaThread "jar transforms Thread 48" [_thread_blocked, id=14420, stack(0x0000000024d00000,0x0000000024e00000)]
  0x000000001ffdc800 JavaThread "jar transforms Thread 47" [_thread_blocked, id=9208, stack(0x0000000024c00000,0x0000000024d00000)]
  0x000000001ffdb800 JavaThread "jar transforms Thread 46" [_thread_blocked, id=15928, stack(0x0000000024b00000,0x0000000024c00000)]
  0x000000001ffd2800 JavaThread "jar transforms Thread 45" [_thread_blocked, id=11016, stack(0x0000000024a00000,0x0000000024b00000)]
  0x000000001ffd8000 JavaThread "jar transforms Thread 44" [_thread_blocked, id=11968, stack(0x0000000024900000,0x0000000024a00000)]
  0x000000001ffd8800 JavaThread "jar transforms Thread 43" [_thread_blocked, id=12180, stack(0x0000000024800000,0x0000000024900000)]
  0x000000001ffd2000 JavaThread "jar transforms Thread 42" [_thread_blocked, id=5436, stack(0x0000000024700000,0x0000000024800000)]
  0x000000001ffd5800 JavaThread "jar transforms Thread 41" [_thread_blocked, id=13812, stack(0x0000000024600000,0x0000000024700000)]
  0x000000001ffd3800 JavaThread "jar transforms Thread 40" [_thread_blocked, id=14604, stack(0x0000000024500000,0x0000000024600000)]
  0x000000001ffd4000 JavaThread "jar transforms Thread 39" [_thread_blocked, id=888, stack(0x0000000024400000,0x0000000024500000)]
  0x000000001ffd7000 JavaThread "jar transforms Thread 38" [_thread_blocked, id=7144, stack(0x0000000024300000,0x0000000024400000)]
  0x000000001ffd1000 JavaThread "jar transforms Thread 37" [_thread_blocked, id=12768, stack(0x0000000024200000,0x0000000024300000)]
  0x000000001ffd5000 JavaThread "jar transforms Thread 36" [_thread_blocked, id=13576, stack(0x0000000024100000,0x0000000024200000)]
  0x0000000019ece000 JavaThread "jar transforms Thread 35" [_thread_blocked, id=9728, stack(0x0000000024000000,0x0000000024100000)]
  0x0000000019ecf000 JavaThread "jar transforms Thread 34" [_thread_blocked, id=11840, stack(0x0000000023f00000,0x0000000024000000)]
  0x0000000019ecd800 JavaThread "jar transforms Thread 33" [_thread_blocked, id=5980, stack(0x0000000023e00000,0x0000000023f00000)]
  0x0000000019ecc800 JavaThread "jar transforms Thread 32" [_thread_blocked, id=1148, stack(0x0000000023d00000,0x0000000023e00000)]
  0x0000000019ecc000 JavaThread "jar transforms Thread 31" [_thread_blocked, id=14936, stack(0x0000000023c00000,0x0000000023d00000)]
  0x0000000019ec4800 JavaThread "jar transforms Thread 30" [_thread_blocked, id=12516, stack(0x0000000023b00000,0x0000000023c00000)]
  0x0000000019ecb000 JavaThread "jar transforms Thread 29" [_thread_blocked, id=4440, stack(0x0000000023a00000,0x0000000023b00000)]
  0x0000000019ec3800 JavaThread "jar transforms Thread 28" [_thread_blocked, id=16200, stack(0x0000000023900000,0x0000000023a00000)]
  0x0000000019eca800 JavaThread "jar transforms Thread 27" [_thread_blocked, id=2376, stack(0x0000000023800000,0x0000000023900000)]
  0x0000000019ec9000 JavaThread "jar transforms Thread 26" [_thread_blocked, id=8736, stack(0x0000000023700000,0x0000000023800000)]
  0x0000000019ec8000 JavaThread "jar transforms Thread 25" [_thread_blocked, id=2008, stack(0x0000000023600000,0x0000000023700000)]
  0x0000000019ec9800 JavaThread "jar transforms Thread 24" [_thread_blocked, id=9492, stack(0x0000000023500000,0x0000000023600000)]
  0x0000000019ec0800 JavaThread "jar transforms Thread 23" [_thread_blocked, id=15312, stack(0x0000000023400000,0x0000000023500000)]
  0x0000000019ec7800 JavaThread "jar transforms Thread 22" [_thread_blocked, id=3508, stack(0x0000000023300000,0x0000000023400000)]
  0x0000000019ec6000 JavaThread "jar transforms Thread 21" [_thread_blocked, id=10004, stack(0x0000000023200000,0x0000000023300000)]
  0x0000000019ec6800 JavaThread "jar transforms Thread 20" [_thread_blocked, id=14196, stack(0x0000000023100000,0x0000000023200000)]
  0x0000000019ec0000 JavaThread "jar transforms Thread 19" [_thread_blocked, id=10316, stack(0x0000000023000000,0x0000000023100000)]
  0x0000000019ec2000 JavaThread "jar transforms Thread 18" [_thread_blocked, id=13552, stack(0x0000000022f00000,0x0000000023000000)]
  0x0000000019ec1800 JavaThread "jar transforms Thread 17" [_thread_blocked, id=5912, stack(0x0000000022e00000,0x0000000022f00000)]
  0x0000000019ec3000 JavaThread "jar transforms Thread 16" [_thread_blocked, id=11324, stack(0x0000000022d00000,0x0000000022e00000)]
  0x0000000019ec5000 JavaThread "jar transforms Thread 15" [_thread_blocked, id=15772, stack(0x0000000022c00000,0x0000000022d00000)]
  0x000000001a59e000 JavaThread "jar transforms Thread 14" [_thread_blocked, id=11620, stack(0x0000000022b00000,0x0000000022c00000)]
  0x000000001a59d000 JavaThread "jar transforms Thread 13" [_thread_blocked, id=2396, stack(0x0000000022a00000,0x0000000022b00000)]
  0x000000001a59c000 JavaThread "jar transforms Thread 12" [_thread_blocked, id=4156, stack(0x0000000022900000,0x0000000022a00000)]
  0x000000001a59b800 JavaThread "jar transforms Thread 11" [_thread_blocked, id=11908, stack(0x0000000022800000,0x0000000022900000)]
  0x000000001a59a800 JavaThread "jar transforms Thread 10" [_thread_blocked, id=5480, stack(0x0000000022700000,0x0000000022800000)]
  0x000000001a59a000 JavaThread "jar transforms Thread 9" [_thread_blocked, id=10924, stack(0x0000000022600000,0x0000000022700000)]
  0x000000001a592800 JavaThread "jar transforms Thread 8" [_thread_blocked, id=11316, stack(0x0000000022500000,0x0000000022600000)]
  0x000000001a599000 JavaThread "jar transforms Thread 7" [_thread_blocked, id=12480, stack(0x0000000022400000,0x0000000022500000)]
  0x000000001a598800 JavaThread "jar transforms Thread 6" [_thread_blocked, id=12328, stack(0x0000000022300000,0x0000000022400000)]
  0x000000001a597800 JavaThread "jar transforms Thread 5" [_thread_blocked, id=15444, stack(0x0000000022200000,0x0000000022300000)]
  0x000000001a591000 JavaThread "jar transforms Thread 4" [_thread_blocked, id=1972, stack(0x0000000022100000,0x0000000022200000)]
  0x000000001a590000 JavaThread "jar transforms Thread 3" [_thread_blocked, id=14972, stack(0x0000000022000000,0x0000000022100000)]
  0x000000001a597000 JavaThread "jar transforms Thread 2" [_thread_blocked, id=15552, stack(0x0000000021f00000,0x0000000022000000)]
  0x000000001a594800 JavaThread "Build operations Thread 4" [_thread_blocked, id=11180, stack(0x0000000021e00000,0x0000000021f00000)]
  0x000000001a58f800 JavaThread "Build operations Thread 3" [_thread_blocked, id=16292, stack(0x0000000021d00000,0x0000000021e00000)]
  0x000000001a594000 JavaThread "Build operations Thread 2" [_thread_blocked, id=11792, stack(0x0000000021c00000,0x0000000021d00000)]
  0x000000001a596000 JavaThread "Build operations" [_thread_blocked, id=14544, stack(0x0000000021b00000,0x0000000021c00000)]
  0x000000001aa6f000 JavaThread "Cache worker for file content cache (C:\Users\Carolina\.gradle\caches\6.5\fileContent)" [_thread_blocked, id=11380, stack(0x0000000021400000,0x0000000021500000)]
  0x000000001aa71800 JavaThread "jar transforms" [_thread_blocked, id=9812, stack(0x0000000021300000,0x0000000021400000)]
  0x000000001aa6e800 JavaThread "Cache worker for execution history cache (C:\Users\Carolina\.gradle\caches\6.5\executionHistory)" [_thread_blocked, id=9892, stack(0x0000000020c00000,0x0000000020d00000)]
  0x000000001aa74800 JavaThread "Cache worker for cache directory md-rule (C:\Users\Carolina\.gradle\caches\6.5\md-rule)" [_thread_blocked, id=3436, stack(0x0000000020b00000,0x0000000020c00000)]
  0x000000001aa72000 JavaThread "Cache worker for cache directory md-supplier (C:\Users\Carolina\.gradle\caches\6.5\md-supplier)" [_thread_blocked, id=13148, stack(0x000000001f7a0000,0x000000001f8a0000)]
  0x000000001aa70800 JavaThread "Cache worker for checksums cache (C:\Users\Carolina\Documents\CompuMovil\finalP\PetCare\.gradle\checksums)" [_thread_blocked, id=9628, stack(0x000000001f6a0000,0x000000001f7a0000)]
  0x000000001aa73000 JavaThread "Cache worker for file hash cache (C:\Users\Carolina\Documents\CompuMovil\finalP\PetCare\.gradle\6.5\fileHashes)" [_thread_blocked, id=9912, stack(0x000000001d1c0000,0x000000001d2c0000)]
  0x000000001aa73800 JavaThread "Cache worker for file hash cache (C:\Users\Carolina\.gradle\caches\6.5\fileHashes)" [_thread_blocked, id=11856, stack(0x000000001d0c0000,0x000000001d1c0000)]
  0x000000001aa6d800 JavaThread "File lock request listener" [_thread_in_native, id=11636, stack(0x000000001cfc0000,0x000000001d0c0000)]
  0x000000001aa82000 JavaThread "Cache worker for journal cache (C:\Users\Carolina\.gradle\caches\journal-1)" [_thread_blocked, id=13260, stack(0x000000001cdc0000,0x000000001cec0000)]
  0x000000001940f800 JavaThread "Thread-9" [_thread_blocked, id=15472, stack(0x000000001cac0000,0x000000001cbc0000)]
  0x0000000019257000 JavaThread "Stdin handler" [_thread_blocked, id=10100, stack(0x000000001c9c0000,0x000000001cac0000)]
  0x000000001aa00000 JavaThread "Asynchronous log dispatcher for DefaultDaemonConnection: socket connection from /127.0.0.1:55583 to /127.0.0.1:55584" [_thread_blocked, id=8704, stack(0x000000001c8c0000,0x000000001c9c0000)]
  0x000000001a9ff800 JavaThread "Daemon worker" [_thread_blocked, id=6932, stack(0x000000001c7c0000,0x000000001c8c0000)]
  0x000000001a9fe800 JavaThread "Cancel handler" [_thread_blocked, id=14996, stack(0x000000001c6c0000,0x000000001c7c0000)]
  0x000000001a93f000 JavaThread "Handler for socket connection from /127.0.0.1:55583 to /127.0.0.1:55584" [_thread_in_native, id=14188, stack(0x000000001c5c0000,0x000000001c6c0000)]
  0x000000001a93c000 JavaThread "Daemon" [_thread_blocked, id=6020, stack(0x000000001c4c0000,0x000000001c5c0000)]
  0x000000001a98b000 JavaThread "Daemon periodic checks" [_thread_blocked, id=15812, stack(0x000000001c1c0000,0x000000001c2c0000)]
  0x000000001a988800 JavaThread "Incoming local TCP Connector on port 55583" [_thread_in_native, id=11700, stack(0x000000001bf50000,0x000000001c050000)]
  0x0000000018fa4800 JavaThread "Daemon health stats" [_thread_blocked, id=6624, stack(0x000000001b910000,0x000000001ba10000)]
  0x000000001705e000 JavaThread "Service Thread" daemon [_thread_blocked, id=11600, stack(0x0000000018d70000,0x0000000018e70000)]
  0x0000000017013800 JavaThread "C1 CompilerThread2" daemon [_thread_blocked, id=15988, stack(0x0000000018870000,0x0000000018970000)]
=>0x000000001700c000 JavaThread "C2 CompilerThread1" daemon [_thread_in_native, id=1472, stack(0x0000000018770000,0x0000000018870000)]
  0x0000000017008000 JavaThread "C2 CompilerThread0" daemon [_thread_blocked, id=3372, stack(0x0000000018670000,0x0000000018770000)]
  0x0000000017006800 JavaThread "Attach Listener" daemon [_thread_blocked, id=11892, stack(0x0000000018570000,0x0000000018670000)]
  0x0000000017003800 JavaThread "Signal Dispatcher" daemon [_thread_blocked, id=11528, stack(0x0000000018470000,0x0000000018570000)]
  0x000000000238e800 JavaThread "Finalizer" daemon [_thread_blocked, id=9500, stack(0x0000000018250000,0x0000000018350000)]
  0x0000000002383000 JavaThread "Reference Handler" daemon [_thread_blocked, id=5372, stack(0x0000000018150000,0x0000000018250000)]
  0x00000000023de800 JavaThread "main" [_thread_blocked, id=12032, stack(0x0000000002180000,0x0000000002280000)]

Other Threads:
  0x0000000016fc7000 VMThread [stack: 0x0000000018050000,0x0000000018150000] [id=10816]
  0x00000000189a4000 WatcherThread [stack: 0x0000000018e70000,0x0000000018f70000] [id=2432]

VM state:at safepoint (normal execution)

VM Mutex/Monitor currently owned by a thread:  ([mutex/lock_event])
[0x00000000022901d0] Threads_lock - owner thread: 0x0000000016fc7000
[0x00000000022908d0] Heap_lock - owner thread: 0x000000002b5e0800

heap address: 0x0000000080000000, size: 2048 MB, Compressed Oops mode: 32-bit
Narrow klass base: 0x0000000000000000, Narrow klass shift: 3
Compressed class space size: 1073741824 Address: 0x0000000100000000

Heap:
 PSYoungGen      total 407552K, used 375545K [0x00000000d5580000, 0x00000000f3980000, 0x0000000100000000)
  eden space 332800K, 100% used [0x00000000d5580000,0x00000000e9a80000,0x00000000e9a80000)
  from space 74752K, 57% used [0x00000000e9a80000,0x00000000ec43e6b0,0x00000000ee380000)
  to   space 76288K, 48% used [0x00000000eef00000,0x00000000f12e0378,0x00000000f3980000)
 ParOldGen       total 166400K, used 81035K [0x0000000080000000, 0x000000008a280000, 0x00000000d5580000)
  object space 166400K, 48% used [0x0000000080000000,0x0000000084f22cf0,0x000000008a280000)
 Metaspace       used 90034K, capacity 94722K, committed 94936K, reserved 1130496K
  class space    used 12019K, capacity 12947K, committed 13056K, reserved 1048576K

Card table byte_map: [0x00000000117a0000,0x0000000011bb0000] byte_map_base: 0x00000000113a0000

Marking Bits: (ParMarkBitMap*) 0x00000000720df030
 Begin Bits: [0x0000000012260000, 0x0000000014260000)
 End Bits:   [0x0000000014260000, 0x0000000016260000)

Polling page: 0x0000000000580000

CodeCache: size=245760Kb used=47881Kb max_used=48447Kb free=197878Kb
 bounds [0x00000000023e0000, 0x00000000053a0000, 0x00000000113e0000]
 total_blobs=15169 nmethods=14301 adapters=778
 compilation: enabled

Compilation events (10 events):
Event: 58.173 Thread 0x0000000017013800 nmethod 18033 0x00000000048519d0 code [0x0000000004851ba0, 0x0000000004852188]
Event: 58.258 Thread 0x0000000017008000 nmethod 18028 0x0000000004325290 code [0x00000000043255a0, 0x0000000004327578]
Event: 58.258 Thread 0x0000000017008000 18030       4       sun.nio.ch.IOUtil::readIntoNativeBuffer (137 bytes)
Event: 58.264 Thread 0x0000000017008000 nmethod 18030 0x0000000004323510 code [0x0000000004323680, 0x0000000004323938]
Event: 58.264 Thread 0x0000000017008000 18031       4       java.lang.reflect.Constructor::copy (72 bytes)
Event: 58.266 Thread 0x0000000017008000 nmethod 18031 0x0000000004ee9cd0 code [0x0000000004ee9e20, 0x0000000004ee9f98]
Event: 58.267 Thread 0x0000000017008000 18032       4       sun.nio.ch.Util::offerFirstTemporaryDirectBuffer (53 bytes)
Event: 58.275 Thread 0x0000000017013800 18034   !   3       java.util.zip.Deflater::needsInput (27 bytes)
Event: 58.275 Thread 0x0000000017013800 nmethod 18034 0x0000000004324d10 code [0x0000000004324e80, 0x00000000043251d0]
Event: 58.287 Thread 0x0000000017008000 nmethod 18032 0x000000000432a790 code [0x000000000432a960, 0x000000000432b120]

GC Heap History (10 events):
Event: 40.031 GC heap after
Heap after GC invocations=22 (full 6):
 PSYoungGen      total 363008K, used 145765K [0x00000000d5580000, 0x00000000f5a00000, 0x0000000100000000)
  eden space 332800K, 43% used [0x00000000d5580000,0x00000000de3d9670,0x00000000e9a80000)
  from space 30208K, 0% used [0x00000000ee380000,0x00000000ee380000,0x00000000f0100000)
  to   space 74752K, 0% used [0x00000000e9a80000,0x00000000e9a80000,0x00000000ee380000)
 ParOldGen       total 166400K, used 166294K [0x0000000080000000, 0x000000008a280000, 0x00000000d5580000)
  object space 166400K, 99% used [0x0000000080000000,0x000000008a265850,0x000000008a280000)
 Metaspace       used 80241K, capacity 84034K, committed 84184K, reserved 1122304K
  class space    used 10938K, capacity 11741K, committed 11776K, reserved 1048576K
}
Event: 40.673 GC heap before
{Heap before GC invocations=23 (full 7):
 PSYoungGen      total 363008K, used 332800K [0x00000000d5580000, 0x00000000f5a00000, 0x0000000100000000)
  eden space 332800K, 100% used [0x00000000d5580000,0x00000000e9a80000,0x00000000e9a80000)
  from space 30208K, 0% used [0x00000000ee380000,0x00000000ee380000,0x00000000f0100000)
  to   space 74752K, 0% used [0x00000000e9a80000,0x00000000e9a80000,0x00000000ee380000)
 ParOldGen       total 166400K, used 166294K [0x0000000080000000, 0x000000008a280000, 0x00000000d5580000)
  object space 166400K, 99% used [0x0000000080000000,0x000000008a265850,0x000000008a280000)
 Metaspace       used 80312K, capacity 84104K, committed 84184K, reserved 1122304K
  class space    used 10939K, capacity 11742K, committed 11776K, reserved 1048576K
Event: 43.089 GC heap after
Heap after GC invocations=23 (full 7):
 PSYoungGen      total 363008K, used 164015K [0x00000000d5580000, 0x00000000f5a00000, 0x0000000100000000)
  eden space 332800K, 49% used [0x00000000d5580000,0x00000000df5abe38,0x00000000e9a80000)
  from space 30208K, 0% used [0x00000000ee380000,0x00000000ee380000,0x00000000f0100000)
  to   space 74752K, 0% used [0x00000000e9a80000,0x00000000e9a80000,0x00000000ee380000)
 ParOldGen       total 166400K, used 165996K [0x0000000080000000, 0x000000008a280000, 0x00000000d5580000)
  object space 166400K, 99% used [0x0000000080000000,0x000000008a21b218,0x000000008a280000)
 Metaspace       used 80312K, capacity 84104K, committed 84184K, reserved 1122304K
  class space    used 10939K, capacity 11742K, committed 11776K, reserved 1048576K
}
Event: 44.162 GC heap before
{Heap before GC invocations=24 (full 8):
 PSYoungGen      total 363008K, used 327832K [0x00000000d5580000, 0x00000000f5a00000, 0x0000000100000000)
  eden space 332800K, 98% used [0x00000000d5580000,0x00000000e95a6270,0x00000000e9a80000)
  from space 30208K, 0% used [0x00000000ee380000,0x00000000ee380000,0x00000000f0100000)
  to   space 74752K, 0% used [0x00000000e9a80000,0x00000000e9a80000,0x00000000ee380000)
 ParOldGen       total 166400K, used 165996K [0x0000000080000000, 0x000000008a280000, 0x00000000d5580000)
  object space 166400K, 99% used [0x0000000080000000,0x000000008a21b218,0x000000008a280000)
 Metaspace       used 80524K, capacity 84386K, committed 84568K, reserved 1122304K
  class space    used 10962K, capacity 11779K, committed 11904K, reserved 1048576K
Event: 45.003 GC heap after
Heap after GC invocations=24 (full 8):
 PSYoungGen      total 363008K, used 174575K [0x00000000d5580000, 0x00000000f5a00000, 0x0000000100000000)
  eden space 332800K, 52% used [0x00000000d5580000,0x00000000dfffbf10,0x00000000e9a80000)
  from space 30208K, 0% used [0x00000000ee380000,0x00000000ee380000,0x00000000f0100000)
  to   space 74752K, 0% used [0x00000000e9a80000,0x00000000e9a80000,0x00000000ee380000)
 ParOldGen       total 166400K, used 165996K [0x0000000080000000, 0x000000008a280000, 0x00000000d5580000)
  object space 166400K, 99% used [0x0000000080000000,0x000000008a21b0c0,0x000000008a280000)
 Metaspace       used 80524K, capacity 84386K, committed 84568K, reserved 1122304K
  class space    used 10962K, capacity 11779K, committed 11904K, reserved 1048576K
}
Event: 46.485 GC heap before
{Heap before GC invocations=25 (full 9):
 PSYoungGen      total 363008K, used 332791K [0x00000000d5580000, 0x00000000f5a00000, 0x0000000100000000)
  eden space 332800K, 99% used [0x00000000d5580000,0x00000000e9a7dee0,0x00000000e9a80000)
  from space 30208K, 0% used [0x00000000ee380000,0x00000000ee380000,0x00000000f0100000)
  to   space 74752K, 0% used [0x00000000e9a80000,0x00000000e9a80000,0x00000000ee380000)
 ParOldGen       total 166400K, used 165996K [0x0000000080000000, 0x000000008a280000, 0x00000000d5580000)
  object space 166400K, 99% used [0x0000000080000000,0x000000008a21b0c0,0x000000008a280000)
 Metaspace       used 81528K, capacity 85444K, committed 85592K, reserved 1122304K
  class space    used 11048K, capacity 11852K, committed 11904K, reserved 1048576K
Event: 46.749 GC heap after
Heap after GC invocations=25 (full 9):
 PSYoungGen      total 363008K, used 0K [0x00000000d5580000, 0x00000000f5a00000, 0x0000000100000000)
  eden space 332800K, 0% used [0x00000000d5580000,0x00000000d5580000,0x00000000e9a80000)
  from space 30208K, 0% used [0x00000000ee380000,0x00000000ee380000,0x00000000f0100000)
  to   space 74752K, 0% used [0x00000000e9a80000,0x00000000e9a80000,0x00000000ee380000)
 ParOldGen       total 166400K, used 81015K [0x0000000080000000, 0x000000008a280000, 0x00000000d5580000)
  object space 166400K, 48% used [0x0000000080000000,0x0000000084f1df20,0x000000008a280000)
 Metaspace       used 81528K, capacity 85444K, committed 85592K, reserved 1122304K
  class space    used 11048K, capacity 11852K, committed 11904K, reserved 1048576K
}
Event: 53.177 GC heap before
{Heap before GC invocations=26 (full 9):
 PSYoungGen      total 363008K, used 332800K [0x00000000d5580000, 0x00000000f5a00000, 0x0000000100000000)
  eden space 332800K, 100% used [0x00000000d5580000,0x00000000e9a80000,0x00000000e9a80000)
  from space 30208K, 0% used [0x00000000ee380000,0x00000000ee380000,0x00000000f0100000)
  to   space 74752K, 0% used [0x00000000e9a80000,0x00000000e9a80000,0x00000000ee380000)
 ParOldGen       total 166400K, used 81015K [0x0000000080000000, 0x000000008a280000, 0x00000000d5580000)
  object space 166400K, 48% used [0x0000000080000000,0x0000000084f1df20,0x000000008a280000)
 Metaspace       used 87698K, capacity 92086K, committed 92376K, reserved 1128448K
  class space    used 11833K, capacity 12707K, committed 12800K, reserved 1048576K
Event: 53.243 GC heap after
Heap after GC invocations=26 (full 9):
 PSYoungGen      total 407552K, used 42745K [0x00000000d5580000, 0x00000000f3980000, 0x0000000100000000)
  eden space 332800K, 0% used [0x00000000d5580000,0x00000000d5580000,0x00000000e9a80000)
  from space 74752K, 57% used [0x00000000e9a80000,0x00000000ec43e6b0,0x00000000ee380000)
  to   space 76288K, 0% used [0x00000000eef00000,0x00000000eef00000,0x00000000f3980000)
 ParOldGen       total 166400K, used 81023K [0x0000000080000000, 0x000000008a280000, 0x00000000d5580000)
  object space 166400K, 48% used [0x0000000080000000,0x0000000084f1ff20,0x000000008a280000)
 Metaspace       used 87698K, capacity 92086K, committed 92376K, reserved 1128448K
  class space    used 11833K, capacity 12707K, committed 12800K, reserved 1048576K
}
Event: 58.292 GC heap before
{Heap before GC invocations=27 (full 9):
 PSYoungGen      total 407552K, used 375545K [0x00000000d5580000, 0x00000000f3980000, 0x0000000100000000)
  eden space 332800K, 100% used [0x00000000d5580000,0x00000000e9a80000,0x00000000e9a80000)
  from space 74752K, 57% used [0x00000000e9a80000,0x00000000ec43e6b0,0x00000000ee380000)
  to   space 76288K, 0% used [0x00000000eef00000,0x00000000eef00000,0x00000000f3980000)
 ParOldGen       total 166400K, used 81035K [0x0000000080000000, 0x000000008a280000, 0x00000000d5580000)
  object space 166400K, 48% used [0x0000000080000000,0x0000000084f22cf0,0x000000008a280000)
 Metaspace       used 90034K, capacity 94722K, committed 94936K, reserved 1130496K
  class space    used 12019K, capacity 12947K, committed 13056K, reserved 1048576K

Deoptimization events (10 events):
Event: 57.339 Thread 0x000000002b5e6000 Uncommon trap: reason=class_check action=maybe_recompile pc=0x00000000048765ac method=com.google.common.collect.Iterables.castOrCopyToCollection(Ljava/lang/Iterable;)Ljava/util/Collection; @ 1
Event: 57.339 Thread 0x000000002b5e6000 Uncommon trap: reason=bimorphic action=maybe_recompile pc=0x00000000037c0b7c method=com.google.common.collect.RegularImmutableMap.fromEntryArray(I[Ljava/util/Map$Entry;)Lcom/google/common/collect/ImmutableMap; @ 70
Event: 57.384 Thread 0x000000002b5e6000 Uncommon trap: reason=unstable_if action=reinterpret pc=0x0000000003d79f90 method=java.lang.Long.toString(JI)Ljava/lang/String; @ 17
Event: 57.385 Thread 0x000000002b5e6000 Uncommon trap: reason=unstable_if action=reinterpret pc=0x0000000002a9d1d0 method=java.util.stream.StreamOpFlag.getMask(I)I @ 1
Event: 57.394 Thread 0x000000002b5e6000 Uncommon trap: reason=predicate action=maybe_recompile pc=0x00000000040d84dc method=java.util.ArrayList$ArrayListSpliterator.forEachRemaining(Ljava/util/function/Consumer;)V @ 90
Event: 57.556 Thread 0x000000002b5e6000 Uncommon trap: reason=speculate_class_check action=maybe_recompile pc=0x00000000049d22ac method=sun.nio.ch.IOUtil.writeFromNativeBuffer(Ljava/io/FileDescriptor;Ljava/nio/ByteBuffer;JLsun/nio/ch/NativeDispatcher;)I @ 100
Event: 57.589 Thread 0x000000002b5e6000 Uncommon trap: reason=speculate_class_check action=maybe_recompile pc=0x00000000049d22ac method=sun.nio.ch.IOUtil.writeFromNativeBuffer(Ljava/io/FileDescriptor;Ljava/nio/ByteBuffer;JLsun/nio/ch/NativeDispatcher;)I @ 100
Event: 57.614 Thread 0x000000002b5e6000 Uncommon trap: reason=speculate_class_check action=maybe_recompile pc=0x00000000049d22ac method=sun.nio.ch.IOUtil.writeFromNativeBuffer(Ljava/io/FileDescriptor;Ljava/nio/ByteBuffer;JLsun/nio/ch/NativeDispatcher;)I @ 100
Event: 57.616 Thread 0x000000002b5e6000 Uncommon trap: reason=speculate_class_check action=maybe_recompile pc=0x00000000049d22ac method=sun.nio.ch.IOUtil.writeFromNativeBuffer(Ljava/io/FileDescriptor;Ljava/nio/ByteBuffer;JLsun/nio/ch/NativeDispatcher;)I @ 100
Event: 58.261 Thread 0x000000002b5e9800 Uncommon trap: reason=unstable_if action=reinterpret pc=0x0000000004f44900 method=java.util.zip.Deflater.needsInput()Z @ 11

Classes redefined (0 events):
No events

Internal exceptions (10 events):
Event: 56.353 Thread 0x000000001e46f800 Exception <a 'sun/nio/fs/WindowsException'> (0x00000000e1ea5e00) thrown at [C:\src\AOSP-openjdk-git\hotspot\src\share\vm\prims\jni.cpp, line 710]
Event: 56.356 Thread 0x000000001e46f800 Exception <a 'sun/nio/fs/WindowsException'> (0x00000000e1eaecd0) thrown at [C:\src\AOSP-openjdk-git\hotspot\src\share\vm\prims\jni.cpp, line 710]
Event: 56.535 Thread 0x000000002b5e0000 Exception <a 'sun/nio/fs/WindowsException'> (0x00000000e2507068) thrown at [C:\src\AOSP-openjdk-git\hotspot\src\share\vm\prims\jni.cpp, line 710]
Event: 56.954 Thread 0x000000002b5e8000 Exception <a 'sun/nio/fs/WindowsException'> (0x00000000e53376e0) thrown at [C:\src\AOSP-openjdk-git\hotspot\src\share\vm\prims\jni.cpp, line 710]
Event: 57.086 Thread 0x000000001e470000 Implicit null exception at 0x00000000032f42cc to 0x00000000032f4311
Event: 57.191 Thread 0x000000002b5e6000 Exception <a 'java/lang/NoSuchMethodError': java.lang.Object.lambda$asRunnable$0(Lcom/android/tools/build/apkzlib/utils/IOExceptionRunnable;)V> (0x00000000e573cdc8) thrown at [C:\src\AOSP-openjdk-git\hotspot\src\share\vm\interpreter\linkResolver.cpp, line
Event: 57.351 Thread 0x000000002b5e6000 Exception <a 'java/lang/NoSuchMethodError': java.lang.Object.newSystemTemporaryDirectory()Lcom/android/tools/build/apkzlib/bytestorage/TemporaryDirectory;> (0x00000000e5a89e80) thrown at [C:\src\AOSP-openjdk-git\hotspot\src\share\vm\interpreter\linkResolv
Event: 57.419 Thread 0x000000002b5e6000 Exception <a 'sun/nio/fs/WindowsException'> (0x00000000e5c5a148) thrown at [C:\src\AOSP-openjdk-git\hotspot\src\share\vm\prims\jni.cpp, line 710]
Event: 57.419 Thread 0x000000002b5e6000 Exception <a 'sun/nio/fs/WindowsException'> (0x00000000e5c5a590) thrown at [C:\src\AOSP-openjdk-git\hotspot\src\share\vm\prims\jni.cpp, line 710]
Event: 57.425 Thread 0x000000002b5e6000 Exception <a 'java/lang/NoSuchMethodError': java.lang.Object.lambda$static$0(Lcom/android/apksig/util/RunnablesProvider;)V> (0x00000000e5cd3b18) thrown at [C:\src\AOSP-openjdk-git\hotspot\src\share\vm\interpreter\linkResolver.cpp, line 620]

Events (10 events):
Event: 58.247 Executing VM operation: Deoptimize
Event: 58.249 Executing VM operation: Deoptimize done
Event: 58.261 Thread 0x000000002b5e9800 Uncommon trap: trap_request=0xffffff65 fr.pc=0x0000000004f44900
Event: 58.261 Executing VM operation: RevokeBias
Event: 58.261 Executing VM operation: RevokeBias done
Event: 58.261 Thread 0x000000002b5e9800 DEOPT PACKING pc=0x0000000004f44900 sp=0x000000002f19ea70
Event: 58.261 Thread 0x000000002b5e9800 DEOPT UNPACKING pc=0x000000000242557b sp=0x000000002f19ea28 mode 2
Event: 58.288 Executing VM operation: ParallelGCFailedAllocation
Event: 58.288 Executing VM operation: ParallelGCFailedAllocation done
Event: 58.291 Executing VM operation: ParallelGCSystemGC


Dynamic libraries:
0x00007ff7cea40000 - 0x00007ff7cea71000 	C:\Program Files\Android\Android Studio\jre\bin\java.exe
0x00007ff9dece0000 - 0x00007ff9deed0000 	C:\WINDOWS\SYSTEM32\ntdll.dll
0x00007ff9ddeb0000 - 0x00007ff9ddf62000 	C:\WINDOWS\System32\KERNEL32.DLL
0x00007ff9dbc70000 - 0x00007ff9dbf15000 	C:\WINDOWS\System32\KERNELBASE.dll
0x00007ff9ddf70000 - 0x00007ff9de013000 	C:\WINDOWS\System32\ADVAPI32.dll
0x00007ff9de780000 - 0x00007ff9de81e000 	C:\WINDOWS\System32\msvcrt.dll
0x00007ff9de980000 - 0x00007ff9dea17000 	C:\WINDOWS\System32\sechost.dll
0x00007ff9dd220000 - 0x00007ff9dd340000 	C:\WINDOWS\System32\RPCRT4.dll
0x00007ff9deb00000 - 0x00007ff9dec94000 	C:\WINDOWS\System32\USER32.dll
0x00007ff9dc370000 - 0x00007ff9dc391000 	C:\WINDOWS\System32\win32u.dll
0x00007ff9ddbe0000 - 0x00007ff9ddc06000 	C:\WINDOWS\System32\GDI32.dll
0x00007ff9dc1d0000 - 0x00007ff9dc366000 	C:\WINDOWS\System32\gdi32full.dll
0x00007ff9dc3f0000 - 0x00007ff9dc48e000 	C:\WINDOWS\System32\msvcp_win.dll
0x00007ff9dbf80000 - 0x00007ff9dc07a000 	C:\WINDOWS\System32\ucrtbase.dll
0x00007ff9c1a60000 - 0x00007ff9c1ce4000 	C:\WINDOWS\WinSxS\amd64_microsoft.windows.common-controls_6595b64144ccf1df_6.0.18362.1256_none_9e7e379be45e40e2\COMCTL32.dll
0x00007ff9dd340000 - 0x00007ff9dd676000 	C:\WINDOWS\System32\combase.dll
0x00007ff9dcd00000 - 0x00007ff9dcd81000 	C:\WINDOWS\System32\bcryptPrimitives.dll
0x00007ff9dead0000 - 0x00007ff9deafe000 	C:\WINDOWS\System32\IMM32.DLL
0x0000000072230000 - 0x0000000072302000 	C:\Program Files\Android\Android Studio\jre\jre\bin\msvcr100.dll
0x0000000071910000 - 0x000000007215b000 	C:\Program Files\Android\Android Studio\jre\jre\bin\server\jvm.dll
0x00007ff9de020000 - 0x00007ff9de028000 	C:\WINDOWS\System32\PSAPI.DLL
0x00007ff9c2620000 - 0x00007ff9c2629000 	C:\WINDOWS\SYSTEM32\WSOCK32.dll
0x00007ff9dd700000 - 0x00007ff9dd76f000 	C:\WINDOWS\System32\WS2_32.dll
0x00007ff9cf0f0000 - 0x00007ff9cf0fa000 	C:\WINDOWS\SYSTEM32\VERSION.dll
0x00007ff9d8f10000 - 0x00007ff9d8f34000 	C:\WINDOWS\SYSTEM32\WINMM.dll
0x00007ff9d8cc0000 - 0x00007ff9d8ced000 	C:\WINDOWS\SYSTEM32\WINMMBASE.dll
0x00007ff9dc3a0000 - 0x00007ff9dc3ea000 	C:\WINDOWS\System32\cfgmgr32.dll
0x00007ff9cc5f0000 - 0x00007ff9cc5ff000 	C:\Program Files\Android\Android Studio\jre\jre\bin\verify.dll
0x00007ff9c1380000 - 0x00007ff9c13a9000 	C:\Program Files\Android\Android Studio\jre\jre\bin\java.dll
0x00007ff9bcfa0000 - 0x00007ff9bcfb6000 	C:\Program Files\Android\Android Studio\jre\jre\bin\zip.dll
0x00007ff9de090000 - 0x00007ff9de777000 	C:\WINDOWS\System32\SHELL32.dll
0x00007ff9dce10000 - 0x00007ff9dceb9000 	C:\WINDOWS\System32\shcore.dll
0x00007ff9dc490000 - 0x00007ff9dcc11000 	C:\WINDOWS\System32\windows.storage.dll
0x00007ff9dbc20000 - 0x00007ff9dbc43000 	C:\WINDOWS\System32\profapi.dll
0x00007ff9dbbd0000 - 0x00007ff9dbc1a000 	C:\WINDOWS\System32\powrprof.dll
0x00007ff9dbb80000 - 0x00007ff9dbb90000 	C:\WINDOWS\System32\UMPDC.dll
0x00007ff9de030000 - 0x00007ff9de082000 	C:\WINDOWS\System32\shlwapi.dll
0x00007ff9dbbb0000 - 0x00007ff9dbbc1000 	C:\WINDOWS\System32\kernel.appcore.dll
0x00007ff9dbc50000 - 0x00007ff9dbc67000 	C:\WINDOWS\System32\cryptsp.dll
0x00007ff9b8d70000 - 0x00007ff9b8d8a000 	C:\Program Files\Android\Android Studio\jre\jre\bin\net.dll
0x00007ff9db3d0000 - 0x00007ff9db437000 	C:\WINDOWS\system32\mswsock.dll
0x00007ff9a5320000 - 0x00007ff9a5333000 	C:\Program Files\Android\Android Studio\jre\jre\bin\nio.dll
0x00007ff9946b0000 - 0x00007ff9946d7000 	C:\Users\Carolina\.gradle\native\f6784746aeab05261644944871eae4fe03e0ef1612fff0a4a95f87b438bc6780\windows-amd64\native-platform.dll
0x00007ff9c1480000 - 0x00007ff9c148d000 	C:\Program Files\Android\Android Studio\jre\jre\bin\management.dll
0x00007ff9daf40000 - 0x00007ff9daf73000 	C:\WINDOWS\system32\rsaenh.dll
0x00007ff9dcc20000 - 0x00007ff9dcc46000 	C:\WINDOWS\System32\bcrypt.dll
0x00007ff9dbaa0000 - 0x00007ff9dbac5000 	C:\WINDOWS\SYSTEM32\USERENV.dll
0x00007ff9db5a0000 - 0x00007ff9db5ac000 	C:\WINDOWS\SYSTEM32\CRYPTBASE.dll
0x00007ff9db0e0000 - 0x00007ff9db11a000 	C:\WINDOWS\SYSTEM32\IPHLPAPI.DLL
0x00007ff9ddea0000 - 0x00007ff9ddea8000 	C:\WINDOWS\System32\NSI.dll
0x00007ff9d0190000 - 0x00007ff9d01a6000 	C:\WINDOWS\SYSTEM32\dhcpcsvc6.DLL
0x00007ff9d0170000 - 0x00007ff9d018c000 	C:\WINDOWS\SYSTEM32\dhcpcsvc.DLL
0x00007ff9db120000 - 0x00007ff9db1eb000 	C:\WINDOWS\SYSTEM32\DNSAPI.dll
0x00007ff9d1980000 - 0x00007ff9d198b000 	C:\WINDOWS\SYSTEM32\WINNSI.DLL

VM Arguments:
jvm_args: -Xmx2048m -Dfile.encoding=UTF-8 -Duser.country=CO -Duser.language=es -Duser.variant 
java_command: org.gradle.launcher.daemon.bootstrap.GradleDaemon 6.5
java_class_path (initial): C:\Users\Carolina\.gradle\wrapper\dists\gradle-6.5-all\2oz4ud9k3tuxjg84bbf55q0tn\gradle-6.5\lib\gradle-launcher-6.5.jar
Launcher Type: SUN_STANDARD

Environment Variables:
JAVA_HOME=C:\Program Files\Java\jdk1.8.0_211
CLASSPATH=.;
USERNAME=Carolina
OS=Windows_NT
PROCESSOR_IDENTIFIER=Intel64 Family 6 Model 69 Stepping 1, GenuineIntel



---------------  S Y S T E M  ---------------

OS: Windows 10.0 , 64 bit Build 18362 (10.0.18362.1110)

CPU:total 4 (initial active 4) (2 cores per cpu, 2 threads per core) family 6 model 69 stepping 1, cmov, cx8, fxsr, mmx, sse, sse2, sse3, ssse3, sse4.1, sse4.2, popcnt, avx, avx2, aes, clmul, erms, lzcnt, ht, tsc, tscinvbit, bmi1, bmi2

Memory: 4k page, physical 8281860k(642176k free), swap 12476116k(6256k free)

vm_info: OpenJDK 64-Bit Server VM (25.242-b01) for windows-amd64 JRE (1.8.0_242-release-1644-b01), built by "builder" with MS VC++ 10.0 (VS2010)

time: Sun Jan 24 02:23:36 2021
timezone: Hora est. Pacífico, Sudamérica
elapsed time: 58 seconds (0d 0h 0m 58s)

